#
# There is insufficient memory for the Java Runtime Environment to continue.
# Native memory allocation (malloc) failed to allocate 1048576 bytes for AllocateHeap
# Possible reasons:
#   The system is out of physical RAM or swap space
#   The process is running with CompressedOops enabled, and the Java Heap may be blocking the growth of the native heap
# Possible solutions:
#   Reduce memory load on the system
#   Increase physical memory or swap space
#   Check if swap backing store is full
#   Decrease Java heap size (-Xmx/-Xms)
#   Decrease number of Java threads
#   Decrease Java thread stack sizes (-Xss)
#   Set larger code cache with -XX:ReservedCodeCacheSize=
#   JVM is running with Unscaled Compressed Oops mode in which the Java heap is
#     placed in the first 4GB address space. The Java Heap base address is the
#     maximum limit for the native heap growth. Please use -XX:HeapBaseMinAddress
#     to set the Java Heap base and to place the Java Heap above 4GB virtual address.
# This output file may be truncated or incomplete.
#
#  Out of Memory Error (allocation.cpp:44), pid=18696, tid=24844
#
# JRE version:  (17.0.9+11) (build )
# Java VM: Java HotSpot(TM) 64-Bit Server VM (17.0.9+11-LTS-201, mixed mode, sharing, tiered, compressed oops, compressed class ptrs, g1 gc, windows-amd64)
# No core dump will be written. Minidumps are not enabled by default on client versions of Windows
#

---------------  S U M M A R Y ------------

Command Line: -Xmx64m -Xms64m -Dorg.gradle.appname=gradlew org.gradle.wrapper.GradleWrapperMain app:installDebug -PreactNativeDevServerPort=8081

Host: AMD Ryzen 7 4800H with Radeon Graphics         , 16 cores, 15G,  Windows 11 , 64 bit Build 22621 (10.0.22621.3374)
Time: Sun Mar 31 14:36:33 2024 India Standard Time elapsed time: 0.010536 seconds (0d 0h 0m 0s)

---------------  T H R E A D  ---------------

Current thread (0x000001aeb11f0680):  JavaThread "Unknown thread" [_thread_in_vm, id=24844, stack(0x0000004397300000,0x0000004397400000)]

Stack: [0x0000004397300000,0x0000004397400000]
Native frames: (J=compiled Java code, j=interpreted, Vv=VM code, C=native code)
V  [jvm.dll+0x678a4a]
V  [jvm.dll+0x7d9cfd]
V  [jvm.dll+0x7db60e]
V  [jvm.dll+0x7dbc73]
V  [jvm.dll+0x245e1f]
V  [jvm.dll+0xa5173]
V  [jvm.dll+0x2e389e]
V  [jvm.dll+0x2db5bb]
V  [jvm.dll+0x7ab6b1]
V  [jvm.dll+0x368041]
V  [jvm.dll+0x78a749]
V  [jvm.dll+0x3ebd4f]
V  [jvm.dll+0x3ed7d1]
C  [jli.dll+0x5297]
C  [ucrtbase.dll+0x29333]
C  [KERNEL32.DLL+0x1257d]
C  [ntdll.dll+0x5aa48]


---------------  P R O C E S S  ---------------

Threads class SMR info:
_java_thread_list=0x00007ff91c5089d8, length=0, elements={
}

Java Threads: ( => current thread )

Other Threads:
  0x000001aeb1211d90 GCTaskThread "GC Thread#0" [stack: 0x0000004397400000,0x0000004397500000] [id=22980]

[error occurred during error reporting (printing all threads), id 0xc0000005, EXCEPTION_ACCESS_VIOLATION (0xc0000005) at pc=0x00007ff91bd38810]

VM state: not at safepoint (not fully initialized)

VM Mutex/Monitor currently owned by a thread:  ([mutex/lock_event])
[0x000001aeb11ebdf0] Heap_lock - owner thread: 0x000001aeb11f0680

Heap address: 0x00000000fc000000, size: 64 MB, Compressed Oops mode: 32-bit

CDS archive(s) mapped at: [0x0000000000000000-0x0000000000000000-0x0000000000000000), size 0, SharedBaseAddress: 0x0000000800000000, ArchiveRelocationMode: 1.
Narrow klass base: 0x0000000000000000, Narrow klass shift: 0, Narrow klass range: 0x0

GC Precious Log:
<Empty>

Heap:
 garbage-first heap   total 0K, used 0K [0x00000000fc000000, 0x0000000100000000)
  region size 1024K, 0 young (0K), 0 survivors (0K)

[error occurred during error reporting (printing heap information), id 0xc0000005, EXCEPTION_ACCESS_VIOLATION (0xc0000005) at pc=0x00007ff91c122229]

GC Heap History (0 events):
No events

Deoptimization events (0 events):
No events

Classes unloaded (0 events):
No events

Classes redefined (0 events):
No events

Internal exceptions (0 events):
No events

VM Operations (0 events):
No events

Events (1 events):
Event: 0.007 Loaded shared library C:\Program Files\Java\jdk-17\bin\java.dll


Dynamic libraries:
0x00007ff796790000 - 0x00007ff7967a0000 	C:\Program Files\Java\jdk-17\bin\java.exe
0x00007ff97f790000 - 0x00007ff97f9a6000 	C:\WINDOWS\SYSTEM32\ntdll.dll
0x00007ff97ec70000 - 0x00007ff97ed34000 	C:\WINDOWS\System32\KERNEL32.DLL
0x00007ff97cae0000 - 0x00007ff97ce87000 	C:\WINDOWS\System32\KERNELBASE.dll
0x00007ff97d0b0000 - 0x00007ff97d1c1000 	C:\WINDOWS\System32\ucrtbase.dll
0x00007ff920e40000 - 0x00007ff920e5b000 	C:\Program Files\Java\jdk-17\bin\VCRUNTIME140.dll
0x00007ff920e20000 - 0x00007ff920e39000 	C:\Program Files\Java\jdk-17\bin\jli.dll
0x00007ff97f4e0000 - 0x00007ff97f592000 	C:\WINDOWS\System32\ADVAPI32.dll
0x00007ff97ebb0000 - 0x00007ff97ec57000 	C:\WINDOWS\System32\msvcrt.dll
0x00007ff97e4e0000 - 0x00007ff97e588000 	C:\WINDOWS\System32\sechost.dll
0x00007ff97cab0000 - 0x00007ff97cad8000 	C:\WINDOWS\System32\bcrypt.dll
0x00007ff97e1c0000 - 0x00007ff97e2d5000 	C:\WINDOWS\System32\RPCRT4.dll
0x00007ff97d7b0000 - 0x00007ff97d95e000 	C:\WINDOWS\System32\USER32.dll
0x00007ff97d000000 - 0x00007ff97d026000 	C:\WINDOWS\System32\win32u.dll
0x00007ff96c960000 - 0x00007ff96cbf3000 	C:\WINDOWS\WinSxS\amd64_microsoft.windows.common-controls_6595b64144ccf1df_6.0.22621.3235_none_270f74e173860f98\COMCTL32.dll
0x00007ff97d5a0000 - 0x00007ff97d5c9000 	C:\WINDOWS\System32\GDI32.dll
0x00007ff97d3a0000 - 0x00007ff97d4b9000 	C:\WINDOWS\System32\gdi32full.dll
0x00007ff97d240000 - 0x00007ff97d2da000 	C:\WINDOWS\System32\msvcp_win.dll
0x00007ff974ef0000 - 0x00007ff974efa000 	C:\WINDOWS\SYSTEM32\VERSION.dll
0x00007ff97eb70000 - 0x00007ff97eba1000 	C:\WINDOWS\System32\IMM32.DLL
0x00007ff920e10000 - 0x00007ff920e1c000 	C:\Program Files\Java\jdk-17\bin\vcruntime140_1.dll
0x00007ff91f970000 - 0x00007ff91f9fe000 	C:\Program Files\Java\jdk-17\bin\msvcp140.dll
0x00007ff91ba50000 - 0x00007ff91c631000 	C:\Program Files\Java\jdk-17\bin\server\jvm.dll
0x00007ff97e450000 - 0x00007ff97e458000 	C:\WINDOWS\System32\PSAPI.DLL
0x00007ff920e00000 - 0x00007ff920e09000 	C:\WINDOWS\SYSTEM32\WSOCK32.dll
0x00007ff9752f0000 - 0x00007ff975324000 	C:\WINDOWS\SYSTEM32\WINMM.dll
0x00007ff97e460000 - 0x00007ff97e4d1000 	C:\WINDOWS\System32\WS2_32.dll
0x00007ff97ba60000 - 0x00007ff97ba78000 	C:\WINDOWS\SYSTEM32\kernel.appcore.dll
0x00007ff920df0000 - 0x00007ff920dfa000 	C:\Program Files\Java\jdk-17\bin\jimage.dll
0x00007ff972a80000 - 0x00007ff972cb3000 	C:\WINDOWS\SYSTEM32\DBGHELP.DLL
0x00007ff97e650000 - 0x00007ff97e9d8000 	C:\WINDOWS\System32\combase.dll
0x00007ff97e9e0000 - 0x00007ff97eab7000 	C:\WINDOWS\System32\OLEAUT32.dll
0x00007ff96c170000 - 0x00007ff96c1a2000 	C:\WINDOWS\SYSTEM32\dbgcore.DLL
0x00007ff97d030000 - 0x00007ff97d0a9000 	C:\WINDOWS\System32\bcryptPrimitives.dll
0x00007ff920dc0000 - 0x00007ff920de5000 	C:\Program Files\Java\jdk-17\bin\java.dll

dbghelp: loaded successfully - version: 4.0.5 - missing functions: none
symbol engine: initialized successfully - sym options: 0x614 - pdb path: .;C:\Program Files\Java\jdk-17\bin;C:\WINDOWS\SYSTEM32;C:\WINDOWS\WinSxS\amd64_microsoft.windows.common-controls_6595b64144ccf1df_6.0.22621.3235_none_270f74e173860f98;C:\Program Files\Java\jdk-17\bin\server

VM Arguments:
jvm_args: -Xmx64m -Xms64m -Dorg.gradle.appname=gradlew 
java_command: org.gradle.wrapper.GradleWrapperMain app:installDebug -PreactNativeDevServerPort=8081
java_class_path (initial): D:\NewProjects\AwesomeProject\android\\gradle\wrapper\gradle-wrapper.jar
Launcher Type: SUN_STANDARD

[Global flags]
     intx CICompilerCount                          = 12                                        {product} {ergonomic}
     uint ConcGCThreads                            = 3                                         {product} {ergonomic}
     uint G1ConcRefinementThreads                  = 13                                        {product} {ergonomic}
   size_t G1HeapRegionSize                         = 1048576                                   {product} {ergonomic}
    uintx GCDrainStackTargetSize                   = 64                                        {product} {ergonomic}
   size_t InitialHeapSize                          = 67108864                                  {product} {command line}
   size_t MarkStackSize                            = 4194304                                   {product} {ergonomic}
   size_t MaxHeapSize                              = 67108864                                  {product} {command line}
   size_t MinHeapDeltaBytes                        = 1048576                                   {product} {ergonomic}
   size_t MinHeapSize                              = 67108864                                  {product} {command line}
    uintx NonNMethodCodeHeapSize                   = 7602480                                {pd product} {ergonomic}
    uintx NonProfiledCodeHeapSize                  = 122027880                              {pd product} {ergonomic}
    uintx ProfiledCodeHeapSize                     = 122027880                              {pd product} {ergonomic}
    uintx ReservedCodeCacheSize                    = 251658240                              {pd product} {ergonomic}
     bool SegmentedCodeCache                       = true                                      {product} {ergonomic}
   size_t SoftMaxHeapSize                          = 67108864                               {manageable} {ergonomic}
     bool UseCompressedClassPointers               = true                           {product lp64_product} {ergonomic}
     bool UseCompressedOops                        = true                           {product lp64_product} {ergonomic}
     bool UseG1GC                                  = true                                      {product} {ergonomic}
     bool UseLargePagesIndividualAllocation        = false                                  {pd product} {ergonomic}

Logging:
Log output configuration:
 #0: stdout all=warning uptime,level,tags
 #1: stderr all=off uptime,level,tags

Environment Variables:
JAVA_HOME=C:\Program Files\Java\jdk-17
CLASSPATH=D:\NewProjects\AwesomeProject\android\\gradle\wrapper\gradle-wrapper.jar
PATH=D:\NewProjects\AwesomeProject\node_modules\.bin;D:\NewProjects\AwesomeProject\node_modules\.bin;D:\NewProjects\node_modules\.bin;D:\node_modules\.bin;C:\Users\KESHAV KANT\AppData\Roaming\npm\node_modules\npm\node_modules\@npmcli\run-script\lib\node-gyp-bin;C:\Users\KESHAV~1\AppData\Local\Temp\yarn--1711875980225-0.9045315255514008;D:\NewProjects\AwesomeProject\node_modules\.bin;C:\Users\KESHAV KANT\AppData\Local\Yarn\Data\link\node_modules\.bin;C:\Users\KESHAV KANT\AppData\Local\Yarn\bin;C:\Program Files\libexec\lib\node_modules\npm\bin\node-gyp-bin;C:\Program Files\lib\node_modules\npm\bin\node-gyp-bin;C:\Program Files\nodejs\node_modules\npm\bin\node-gyp-bin;C:\Program Files\Common Files\Oracle\Java\javapath;C:\Program Files (x86)\Common Files\Oracle\Java\javapath;C:\Windows\system32;C:\Windows;C:\Windows\System32\Wbem;C:\Windows\System32\WindowsPowerShell\v1.0\;C:\Windows\System32\OpenSSH\;C:\Program Files (x86)\NVIDIA Corporation\PhysX\Common;C:\Program Files\NVIDIA Corporation\NVIDIA NvDLISR;C:\cygwin64\bin;C:\WINDOWS\system32;C:\WINDOWS;C:\WINDOWS\System32\Wbem;C:\WINDOWS\System32\WindowsPowerShell\v1.0\;C:\WINDOWS\System32\OpenSSH\;C:\Program Files\Microsoft SQL Server\Client SDK\ODBC\170\Tools\Binn\;C:\Program Files (x86)\Microsoft SQL Server\150\Tools\Binn\;C:\Program Files\Microsoft SQL Server\150\Tools\Binn\;C:\Program Files\Microsoft SQL Server\150\DTS\Binn\;C:\Program Files\dotnet\;C:\Program Files\nodejs;C:\ProgramData\chocolatey\bin;C:\Program Files\nodejs\;C:\Users\KESHAV KANT\AppData\Local\Android\Sdk\platform-tools;C:\Program Files\Java\jdk-17;C:\Program Files\Git\cmd;C:\Program Files\Cloudflare\Cloudflare WARP\;C:\Users\KESHAV KANT\AppData\Local\Programs\Python\Python36\Scripts\;C:\Users\KESHAV KANT\AppData\Local\Programs\Python\Python36\;C:\Users\KESHAV KANT\AppData\Local\Android\Sdk\tools;C:\Users\KESHAV KANT\AppData\Local\Microsoft\WindowsApps;D:\flutter\bin;C:\Program Files\Azure Data Studio\bin;C:\Users\KESHAV KANT\AppData\Local\Microsoft\W
USERNAME=KESHAV KANT
LANG=en_US.UTF-8
OS=Windows_NT
PROCESSOR_IDENTIFIER=AMD64 Family 23 Model 96 Stepping 1, AuthenticAMD



---------------  S Y S T E M  ---------------

OS:
 Windows 11 , 64 bit Build 22621 (10.0.22621.3374)
OS uptime: 0 days 8:22 hours
Hyper-V role detected

CPU: total 16 (initial active 16) (16 cores per cpu, 2 threads per core) family 23 model 96 stepping 1 microcode 0x0, cx8, cmov, fxsr, ht, mmx, 3dnowpref, sse, sse2, sse3, ssse3, sse4a, sse4.1, sse4.2, popcnt, lzcnt, tsc, tscinvbit, avx, avx2, aes, clmul, bmi1, bmi2, adx, sha, fma, vzeroupper, clflush, clflushopt, hv

Memory: 4k page, system-wide physical 15791M (1733M free)
TotalPageFile size 23983M (AvailPageFile size 5M)
current process WorkingSet (physical memory assigned to process): 10M, peak: 10M
current process commit charge ("private bytes"): 58M, peak: 59M

vm_info: Java HotSpot(TM) 64-Bit Server VM (17.0.9+11-LTS-201) for windows-amd64 JRE (17.0.9+11-LTS-201), built on Oct 10 2023 23:16:06 by "mach5one" with MS VC++ 17.1 (VS2022)

END.
