#
# There is insufficient memory for the Java Runtime Environment to continue.
# Native memory allocation (mmap) failed to map 67108864 bytes for G1 virtual space
# Possible reasons:
#   The system is out of physical RAM or swap space
#   The process is running with CompressedOops enabled, and the Java Heap may be blocking the growth of the native heap
# Possible solutions:
#   Reduce memory load on the system
#   Increase physical memory or swap space
#   Check if swap backing store is full
#   Decrease Java heap size (-Xmx/-Xms)
#   Decrease number of Java threads
#   Decrease Java thread stack sizes (-Xss)
#   Set larger code cache with -XX:ReservedCodeCacheSize=
#   JVM is running with Unscaled Compressed Oops mode in which the Java heap is
#     placed in the first 4GB address space. The Java Heap base address is the
#     maximum limit for the native heap growth. Please use -XX:HeapBaseMinAddress
#     to set the Java Heap base and to place the Java Heap above 4GB virtual address.
# This output file may be truncated or incomplete.
#
#  Out of Memory Error (os_windows.cpp:3552), pid=12840, tid=21384
#
# JRE version:  (17.0.9+11) (build )
# Java VM: Java HotSpot(TM) 64-Bit Server VM (17.0.9+11-LTS-201, mixed mode, sharing, tiered, compressed oops, compressed class ptrs, g1 gc, windows-amd64)
# No core dump will be written. Minidumps are not enabled by default on client versions of Windows
#

---------------  S U M M A R Y ------------

Command Line: -Xmx64m -Xms64m -Dorg.gradle.appname=gradlew org.gradle.wrapper.GradleWrapperMain app:installDebug -PreactNativeDevServerPort=8081

Host: AMD Ryzen 7 4800H with Radeon Graphics         , 16 cores, 15G,  Windows 11 , 64 bit Build 22621 (10.0.22621.3374)
Time: Thu Apr  4 04:42:30 2024 India Standard Time elapsed time: 0.008766 seconds (0d 0h 0m 0s)

---------------  T H R E A D  ---------------

Current thread (0x000002ee62d1f750):  JavaThread "Unknown thread" [_thread_in_vm, id=21384, stack(0x000000f480200000,0x000000f480300000)]

Stack: [0x000000f480200000,0x000000f480300000]
Native frames: (J=compiled Java code, j=interpreted, Vv=VM code, C=native code)
V  [jvm.dll+0x678a4a]
V  [jvm.dll+0x7d9cfd]
V  [jvm.dll+0x7db60e]
V  [jvm.dll+0x7dbc73]
V  [jvm.dll+0x245e1f]
V  [jvm.dll+0x6758f9]
V  [jvm.dll+0x66a2a2]
V  [jvm.dll+0x303686]
V  [jvm.dll+0x30ac06]
V  [jvm.dll+0x35a48e]
V  [jvm.dll+0x35a6bf]
V  [jvm.dll+0x2da678]
V  [jvm.dll+0x2db5e4]
V  [jvm.dll+0x7ab6b1]
V  [jvm.dll+0x368041]
V  [jvm.dll+0x78a749]
V  [jvm.dll+0x3ebd4f]
V  [jvm.dll+0x3ed7d1]
C  [jli.dll+0x5297]
C  [ucrtbase.dll+0x29333]
C  [KERNEL32.DLL+0x1257d]
C  [ntdll.dll+0x5aa48]


---------------  P R O C E S S  ---------------

Threads class SMR info:
_java_thread_list=0x00007ffc8ce589d8, length=0, elements={
}

Java Threads: ( => current thread )

Other Threads:
  0x000002ee62d45540 GCTaskThread "GC Thread#0" [stack: 0x000000f480300000,0x000000f480400000] [id=15444]
  0x000002ee62d46c90 ConcurrentGCThread "G1 Main Marker" [stack: 0x000000f480400000,0x000000f480500000] [id=17712]
  0x000002ee62d476a0 ConcurrentGCThread "G1 Conc#0" [stack: 0x000000f480500000,0x000000f480600000] [id=1508]

[error occurred during error reporting (printing all threads), id 0xc0000005, EXCEPTION_ACCESS_VIOLATION (0xc0000005) at pc=0x00007ffc8c68b2d7]

VM state: not at safepoint (not fully initialized)

VM Mutex/Monitor currently owned by a thread:  ([mutex/lock_event])
[0x000002ee62d1ea70] Heap_lock - owner thread: 0x000002ee62d1f750

Heap address: 0x00000000fc000000, size: 64 MB, Compressed Oops mode: 32-bit

CDS archive(s) mapped at: [0x0000000000000000-0x0000000000000000-0x0000000000000000), size 0, SharedBaseAddress: 0x0000000800000000, ArchiveRelocationMode: 1.
Narrow klass base: 0x0000000000000000, Narrow klass shift: 0, Narrow klass range: 0x0

GC Precious Log:
<Empty>

Heap:
 garbage-first heap   total 0K, used 0K [0x00000000fc000000, 0x0000000100000000)
  region size 1024K, 0 young (0K), 0 survivors (0K)

[error occurred during error reporting (printing heap information), id 0xc0000005, EXCEPTION_ACCESS_VIOLATION (0xc0000005) at pc=0x00007ffc8ca72229]

GC Heap History (0 events):
No events

Deoptimization events (0 events):
No events

Classes unloaded (0 events):
No events

Classes redefined (0 events):
No events

Internal exceptions (0 events):
No events

VM Operations (0 events):
No events

Events (1 events):
Event: 0.005 Loaded shared library C:\Program Files\Java\jdk-17\bin\java.dll


Dynamic libraries:
0x00007ff6a98a0000 - 0x00007ff6a98b0000 	C:\Program Files\Java\jdk-17\bin\java.exe
0x00007ffcebeb0000 - 0x00007ffcec0c6000 	C:\WINDOWS\SYSTEM32\ntdll.dll
0x00007ffce9be0000 - 0x00007ffce9ca4000 	C:\WINDOWS\System32\KERNEL32.DLL
0x00007ffce9570000 - 0x00007ffce9917000 	C:\WINDOWS\System32\KERNELBASE.dll
0x00007ffce9920000 - 0x00007ffce9a31000 	C:\WINDOWS\System32\ucrtbase.dll
0x00007ffca67d0000 - 0x00007ffca67e9000 	C:\Program Files\Java\jdk-17\bin\jli.dll
0x00007ffca5740000 - 0x00007ffca575b000 	C:\Program Files\Java\jdk-17\bin\VCRUNTIME140.dll
0x00007ffceab90000 - 0x00007ffceac42000 	C:\WINDOWS\System32\ADVAPI32.dll
0x00007ffceb670000 - 0x00007ffceb717000 	C:\WINDOWS\System32\msvcrt.dll
0x00007ffceaae0000 - 0x00007ffceab88000 	C:\WINDOWS\System32\sechost.dll
0x00007ffce9a40000 - 0x00007ffce9a68000 	C:\WINDOWS\System32\bcrypt.dll
0x00007ffcebd50000 - 0x00007ffcebe65000 	C:\WINDOWS\System32\RPCRT4.dll
0x00007ffce9f40000 - 0x00007ffcea0ee000 	C:\WINDOWS\System32\USER32.dll
0x00007ffce9a70000 - 0x00007ffce9a96000 	C:\WINDOWS\System32\win32u.dll
0x00007ffcd9070000 - 0x00007ffcd9303000 	C:\WINDOWS\WinSxS\amd64_microsoft.windows.common-controls_6595b64144ccf1df_6.0.22621.3235_none_270f74e173860f98\COMCTL32.dll
0x00007ffceb7b0000 - 0x00007ffceb7d9000 	C:\WINDOWS\System32\GDI32.dll
0x00007ffce9270000 - 0x00007ffce9389000 	C:\WINDOWS\System32\gdi32full.dll
0x00007ffce91d0000 - 0x00007ffce926a000 	C:\WINDOWS\System32\msvcp_win.dll
0x00007ffce1610000 - 0x00007ffce161a000 	C:\WINDOWS\SYSTEM32\VERSION.dll
0x00007ffcebaa0000 - 0x00007ffcebad1000 	C:\WINDOWS\System32\IMM32.DLL
0x00007ffcc8bc0000 - 0x00007ffcc8bcc000 	C:\Program Files\Java\jdk-17\bin\vcruntime140_1.dll
0x00007ffc95590000 - 0x00007ffc9561e000 	C:\Program Files\Java\jdk-17\bin\msvcp140.dll
0x00007ffc8c3a0000 - 0x00007ffc8cf81000 	C:\Program Files\Java\jdk-17\bin\server\jvm.dll
0x00007ffcebae0000 - 0x00007ffcebae8000 	C:\WINDOWS\System32\PSAPI.DLL
0x00007ffce28b0000 - 0x00007ffce28e4000 	C:\WINDOWS\SYSTEM32\WINMM.dll
0x00007ffce4990000 - 0x00007ffce4999000 	C:\WINDOWS\SYSTEM32\WSOCK32.dll
0x00007ffceba20000 - 0x00007ffceba91000 	C:\WINDOWS\System32\WS2_32.dll
0x00007ffce8180000 - 0x00007ffce8198000 	C:\WINDOWS\SYSTEM32\kernel.appcore.dll
0x00007ffcc8b90000 - 0x00007ffcc8b9a000 	C:\Program Files\Java\jdk-17\bin\jimage.dll
0x00007ffcdea80000 - 0x00007ffcdecb3000 	C:\WINDOWS\SYSTEM32\DBGHELP.DLL
0x00007ffcead00000 - 0x00007ffceb088000 	C:\WINDOWS\System32\combase.dll
0x00007ffceb590000 - 0x00007ffceb667000 	C:\WINDOWS\System32\OLEAUT32.dll
0x00007ffcd4d30000 - 0x00007ffcd4d62000 	C:\WINDOWS\SYSTEM32\dbgcore.DLL
0x00007ffce9b60000 - 0x00007ffce9bd9000 	C:\WINDOWS\System32\bcryptPrimitives.dll
0x00007ffca1e00000 - 0x00007ffca1e25000 	C:\Program Files\Java\jdk-17\bin\java.dll

dbghelp: loaded successfully - version: 4.0.5 - missing functions: none
symbol engine: initialized successfully - sym options: 0x614 - pdb path: .;C:\Program Files\Java\jdk-17\bin;C:\WINDOWS\SYSTEM32;C:\WINDOWS\WinSxS\amd64_microsoft.windows.common-controls_6595b64144ccf1df_6.0.22621.3235_none_270f74e173860f98;C:\Program Files\Java\jdk-17\bin\server

VM Arguments:
jvm_args: -Xmx64m -Xms64m -Dorg.gradle.appname=gradlew 
java_command: org.gradle.wrapper.GradleWrapperMain app:installDebug -PreactNativeDevServerPort=8081
java_class_path (initial): D:\NewProjects\AwesomeProject\android\\gradle\wrapper\gradle-wrapper.jar
Launcher Type: SUN_STANDARD

[Global flags]
     intx CICompilerCount                          = 12                                        {product} {ergonomic}
     uint ConcGCThreads                            = 3                                         {product} {ergonomic}
     uint G1ConcRefinementThreads                  = 13                                        {product} {ergonomic}
   size_t G1HeapRegionSize                         = 1048576                                   {product} {ergonomic}
    uintx GCDrainStackTargetSize                   = 64                                        {product} {ergonomic}
   size_t InitialHeapSize                          = 67108864                                  {product} {command line}
   size_t MarkStackSize                            = 4194304                                   {product} {ergonomic}
   size_t MaxHeapSize                              = 67108864                                  {product} {command line}
   size_t MinHeapDeltaBytes                        = 1048576                                   {product} {ergonomic}
   size_t MinHeapSize                              = 67108864                                  {product} {command line}
    uintx NonNMethodCodeHeapSize                   = 7602480                                {pd product} {ergonomic}
    uintx NonProfiledCodeHeapSize                  = 122027880                              {pd product} {ergonomic}
    uintx ProfiledCodeHeapSize                     = 122027880                              {pd product} {ergonomic}
    uintx ReservedCodeCacheSize                    = 251658240                              {pd product} {ergonomic}
     bool SegmentedCodeCache                       = true                                      {product} {ergonomic}
   size_t SoftMaxHeapSize                          = 67108864                               {manageable} {ergonomic}
     bool UseCompressedClassPointers               = true                           {product lp64_product} {ergonomic}
     bool UseCompressedOops                        = true                           {product lp64_product} {ergonomic}
     bool UseG1GC                                  = true                                      {product} {ergonomic}
     bool UseLargePagesIndividualAllocation        = false                                  {pd product} {ergonomic}

Logging:
Log output configuration:
 #0: stdout all=warning uptime,level,tags
 #1: stderr all=off uptime,level,tags

Environment Variables:
JAVA_HOME=C:\Program Files\Java\jdk-17
CLASSPATH=D:\NewProjects\AwesomeProject\android\\gradle\wrapper\gradle-wrapper.jar
PATH=D:\NewProjects\AwesomeProject\node_modules\.bin;D:\NewProjects\AwesomeProject\node_modules\.bin;D:\NewProjects\node_modules\.bin;D:\node_modules\.bin;C:\Users\KESHAV KANT\AppData\Roaming\npm\node_modules\npm\node_modules\@npmcli\run-script\lib\node-gyp-bin;C:\Users\KESHAV~1\AppData\Local\Temp\yarn--1712185934965-0.6357171314850758;D:\NewProjects\AwesomeProject\node_modules\.bin;C:\Users\KESHAV KANT\AppData\Local\Yarn\Data\link\node_modules\.bin;C:\Users\KESHAV KANT\AppData\Local\Yarn\bin;C:\Program Files\libexec\lib\node_modules\npm\bin\node-gyp-bin;C:\Program Files\lib\node_modules\npm\bin\node-gyp-bin;C:\Program Files\nodejs\node_modules\npm\bin\node-gyp-bin;C:\Program Files\Common Files\Oracle\Java\javapath;C:\Program Files (x86)\Common Files\Oracle\Java\javapath;C:\Windows\system32;C:\Windows;C:\Windows\System32\Wbem;C:\Windows\System32\WindowsPowerShell\v1.0\;C:\Windows\System32\OpenSSH\;C:\Program Files (x86)\NVIDIA Corporation\PhysX\Common;C:\Program Files\NVIDIA Corporation\NVIDIA NvDLISR;C:\cygwin64\bin;C:\WINDOWS\system32;C:\WINDOWS;C:\WINDOWS\System32\Wbem;C:\WINDOWS\System32\WindowsPowerShell\v1.0\;C:\WINDOWS\System32\OpenSSH\;C:\Program Files\Microsoft SQL Server\Client SDK\ODBC\170\Tools\Binn\;C:\Program Files (x86)\Microsoft SQL Server\150\Tools\Binn\;C:\Program Files\Microsoft SQL Server\150\Tools\Binn\;C:\Program Files\Microsoft SQL Server\150\DTS\Binn\;C:\Program Files\dotnet\;C:\Program Files\nodejs;C:\ProgramData\chocolatey\bin;C:\Program Files\nodejs\;C:\Users\KESHAV KANT\AppData\Local\Android\Sdk\platform-tools;C:\Program Files\Java\jdk-17;C:\Program Files\Git\cmd;C:\Program Files\Cloudflare\Cloudflare WARP\;C:\Users\KESHAV KANT\AppData\Local\Programs\Python\Python36\Scripts\;C:\Users\KESHAV KANT\AppData\Local\Programs\Python\Python36\;C:\Users\KESHAV KANT\AppData\Local\Android\Sdk\tools;C:\Users\KESHAV KANT\AppData\Local\Microsoft\WindowsApps;D:\flutter\bin;C:\Program Files\Azure Data Studio\bin;C:\Users\KESHAV KANT\AppData\Local\Microsoft\W
USERNAME=KESHAV KANT
LANG=en_US.UTF-8
OS=Windows_NT
PROCESSOR_IDENTIFIER=AMD64 Family 23 Model 96 Stepping 1, AuthenticAMD



---------------  S Y S T E M  ---------------

OS:
 Windows 11 , 64 bit Build 22621 (10.0.22621.3374)
OS uptime: 0 days 8:13 hours
Hyper-V role detected

CPU: total 16 (initial active 16) (16 cores per cpu, 2 threads per core) family 23 model 96 stepping 1 microcode 0x0, cx8, cmov, fxsr, ht, mmx, 3dnowpref, sse, sse2, sse3, ssse3, sse4a, sse4.1, sse4.2, popcnt, lzcnt, tsc, tscinvbit, avx, avx2, aes, clmul, bmi1, bmi2, adx, sha, fma, vzeroupper, clflush, clflushopt, hv

Memory: 4k page, system-wide physical 15791M (3174M free)
TotalPageFile size 23983M (AvailPageFile size 57M)
current process WorkingSet (physical memory assigned to process): 11M, peak: 11M
current process commit charge ("private bytes"): 69M, peak: 133M

vm_info: Java HotSpot(TM) 64-Bit Server VM (17.0.9+11-LTS-201) for windows-amd64 JRE (17.0.9+11-LTS-201), built on Oct 10 2023 23:16:06 by "mach5one" with MS VC++ 17.1 (VS2022)

END.
