#
# There is insufficient memory for the Java Runtime Environment to continue.
# Native memory allocation (malloc) failed to allocate 32744 bytes for ChunkPool::allocate
# Possible reasons:
#   The system is out of physical RAM or swap space
#   The process is running with CompressedOops enabled, and the Java Heap may be blocking the growth of the native heap
# Possible solutions:
#   Reduce memory load on the system
#   Increase physical memory or swap space
#   Check if swap backing store is full
#   Decrease Java heap size (-Xmx/-Xms)
#   Decrease number of Java threads
#   Decrease Java thread stack sizes (-Xss)
#   Set larger code cache with -XX:ReservedCodeCacheSize=
#   JVM is running with Unscaled Compressed Oops mode in which the Java heap is
#     placed in the first 4GB address space. The Java Heap base address is the
#     maximum limit for the native heap growth. Please use -XX:HeapBaseMinAddress
#     to set the Java Heap base and to place the Java Heap above 4GB virtual address.
# This output file may be truncated or incomplete.
#
#  Out of Memory Error (arena.cpp:78), pid=27320, tid=18412
#
# JRE version: Java(TM) SE Runtime Environment (17.0.9+11) (build 17.0.9+11-LTS-201)
# Java VM: Java HotSpot(TM) 64-Bit Server VM (17.0.9+11-LTS-201, mixed mode, sharing, tiered, compressed oops, compressed class ptrs, g1 gc, windows-amd64)
# No core dump will be written. Minidumps are not enabled by default on client versions of Windows
#

---------------  S U M M A R Y ------------

Command Line: -XX:MaxMetaspaceSize=512m --add-opens=java.base/java.util=ALL-UNNAMED --add-opens=java.base/java.lang=ALL-UNNAMED --add-opens=java.base/java.lang.invoke=ALL-UNNAMED --add-opens=java.prefs/java.util.prefs=ALL-UNNAMED --add-opens=java.base/java.nio.charset=ALL-UNNAMED --add-opens=java.base/java.net=ALL-UNNAMED --add-opens=java.base/java.util.concurrent.atomic=ALL-UNNAMED -Xmx2048m -Dfile.encoding=windows-1252 -Duser.country=US -Duser.language=en -Duser.variant -javaagent:C:\Users\KESHAV KANT\.gradle\wrapper\dists\gradle-8.3-all\6en3ugtfdg5xnpx44z4qbwgas\gradle-8.3\lib\agents\gradle-instrumentation-agent-8.3.jar org.gradle.launcher.daemon.bootstrap.GradleDaemon 8.3

Host: AMD Ryzen 7 4800H with Radeon Graphics         , 16 cores, 15G,  Windows 11 , 64 bit Build 22621 (10.0.22621.3374)
Time: Sun Mar 31 14:31:24 2024 India Standard Time elapsed time: 2.661642 seconds (0d 0h 0m 2s)

---------------  T H R E A D  ---------------

Current thread (0x0000011fe022d3a0):  JavaThread "C2 CompilerThread1" daemon [_thread_in_native, id=18412, stack(0x0000001a5f600000,0x0000001a5f700000)]


Current CompileTask:
C2:   2661 2542   !   4       java.net.URLClassLoader::findClass (47 bytes)

Stack: [0x0000001a5f600000,0x0000001a5f700000]
Native frames: (J=compiled Java code, j=interpreted, Vv=VM code, C=native code)
V  [jvm.dll+0x678a4a]
V  [jvm.dll+0x7d9cfd]
V  [jvm.dll+0x7db60e]
V  [jvm.dll+0x7dbc73]
V  [jvm.dll+0x245e1f]
V  [jvm.dll+0xaad50]
V  [jvm.dll+0xab09c]
V  [jvm.dll+0x367d0f]
V  [jvm.dll+0x367351]
V  [jvm.dll+0x367394]
V  [jvm.dll+0x5624aa]
V  [jvm.dll+0x562cdb]
V  [jvm.dll+0x32ca30]
V  [jvm.dll+0x32be9a]
V  [jvm.dll+0x21812f]
V  [jvm.dll+0x217561]
V  [jvm.dll+0x1a3bc0]
V  [jvm.dll+0x2272de]
V  [jvm.dll+0x22548b]
V  [jvm.dll+0x78f58c]
V  [jvm.dll+0x78998a]
V  [jvm.dll+0x677875]
C  [ucrtbase.dll+0x29333]
C  [KERNEL32.DLL+0x1257d]
C  [ntdll.dll+0x5aa48]


---------------  P R O C E S S  ---------------

Threads class SMR info:
_java_thread_list=0x0000011f823dd240, length=30, elements={
0x0000011fc1390270, 0x0000011fe00700e0, 0x0000011fe0070f60, 0x0000011fe00cd760,
0x0000011fe00ce230, 0x0000011fe00d0c00, 0x0000011fe00d19d0, 0x0000011fe00d2770,
0x0000011fe00dba50, 0x0000011fe00e58d0, 0x0000011fe0196e30, 0x0000011fe0215ee0,
0x0000011fe0222a60, 0x0000011fe022d3a0, 0x0000011fe02d9cd0, 0x0000011fe0902410,
0x0000011f80271e50, 0x0000011f81680d90, 0x0000011f8112fbe0, 0x0000011f8112e7a0,
0x0000011f8112d360, 0x0000011f8112c430, 0x0000011f8112ecb0, 0x0000011f8112c940,
0x0000011f8112ce50, 0x0000011f8112d870, 0x0000011f8112dd80, 0x0000011f8112e290,
0x0000011f816c4fb0, 0x0000011f816c3b70
}

Java Threads: ( => current thread )
  0x0000011fc1390270 JavaThread "main" [_thread_blocked, id=18916, stack(0x0000001a5e300000,0x0000001a5e400000)]
  0x0000011fe00700e0 JavaThread "Reference Handler" daemon [_thread_blocked, id=27616, stack(0x0000001a5ea00000,0x0000001a5eb00000)]
  0x0000011fe0070f60 JavaThread "Finalizer" daemon [_thread_blocked, id=18576, stack(0x0000001a5eb00000,0x0000001a5ec00000)]
  0x0000011fe00cd760 JavaThread "Signal Dispatcher" daemon [_thread_blocked, id=16572, stack(0x0000001a5ec00000,0x0000001a5ed00000)]
  0x0000011fe00ce230 JavaThread "Attach Listener" daemon [_thread_blocked, id=19072, stack(0x0000001a5ed00000,0x0000001a5ee00000)]
  0x0000011fe00d0c00 JavaThread "Service Thread" daemon [_thread_blocked, id=23052, stack(0x0000001a5ee00000,0x0000001a5ef00000)]
  0x0000011fe00d19d0 JavaThread "Monitor Deflation Thread" daemon [_thread_blocked, id=20816, stack(0x0000001a5ef00000,0x0000001a5f000000)]
  0x0000011fe00d2770 JavaThread "C2 CompilerThread0" daemon [_thread_in_native, id=11280, stack(0x0000001a5f000000,0x0000001a5f100000)]
  0x0000011fe00dba50 JavaThread "C1 CompilerThread0" daemon [_thread_blocked, id=18108, stack(0x0000001a5f100000,0x0000001a5f200000)]
  0x0000011fe00e58d0 JavaThread "Sweeper thread" daemon [_thread_blocked, id=4148, stack(0x0000001a5f200000,0x0000001a5f300000)]
  0x0000011fe0196e30 JavaThread "C1 CompilerThread1" daemon [_thread_blocked, id=7940, stack(0x0000001a5f300000,0x0000001a5f400000)]
  0x0000011fe0215ee0 JavaThread "Common-Cleaner" daemon [_thread_blocked, id=24368, stack(0x0000001a5f400000,0x0000001a5f500000)]
  0x0000011fe0222a60 JavaThread "C1 CompilerThread2" daemon [_thread_blocked, id=11876, stack(0x0000001a5f500000,0x0000001a5f600000)]
=>0x0000011fe022d3a0 JavaThread "C2 CompilerThread1" daemon [_thread_in_native, id=18412, stack(0x0000001a5f600000,0x0000001a5f700000)]
  0x0000011fe02d9cd0 JavaThread "Notification Thread" daemon [_thread_blocked, id=20320, stack(0x0000001a5f700000,0x0000001a5f800000)]
  0x0000011fe0902410 JavaThread "C2 CompilerThread2" daemon [_thread_in_vm, id=22300, stack(0x0000001a5f900000,0x0000001a5fa00000)]
  0x0000011f80271e50 JavaThread "C1 CompilerThread3" daemon [_thread_blocked, id=22452, stack(0x0000001a5fa00000,0x0000001a5fb00000)]
  0x0000011f81680d90 JavaThread "Daemon health stats" [_thread_blocked, id=6772, stack(0x0000001a5ff00000,0x0000001a60000000)]
  0x0000011f8112fbe0 JavaThread "Incoming local TCP Connector on port 53768" [_thread_in_native, id=18836, stack(0x0000001a60000000,0x0000001a60100000)]
  0x0000011f8112e7a0 JavaThread "Daemon periodic checks" [_thread_blocked, id=12608, stack(0x0000001a60100000,0x0000001a60200000)]
  0x0000011f8112d360 JavaThread "Daemon" [_thread_blocked, id=5484, stack(0x0000001a60200000,0x0000001a60300000)]
  0x0000011f8112c430 JavaThread "Handler for socket connection from /127.0.0.1:53768 to /127.0.0.1:53769" [_thread_in_native, id=7688, stack(0x0000001a60300000,0x0000001a60400000)]
  0x0000011f8112ecb0 JavaThread "Cancel handler" [_thread_blocked, id=6452, stack(0x0000001a60400000,0x0000001a60500000)]
  0x0000011f8112c940 JavaThread "Daemon worker" [_thread_in_native, id=19276, stack(0x0000001a60500000,0x0000001a60600000)]
  0x0000011f8112ce50 JavaThread "Asynchronous log dispatcher for DefaultDaemonConnection: socket connection from /127.0.0.1:53768 to /127.0.0.1:53769" [_thread_blocked, id=7684, stack(0x0000001a60600000,0x0000001a60700000)]
  0x0000011f8112d870 JavaThread "Stdin handler" [_thread_blocked, id=3912, stack(0x0000001a60700000,0x0000001a60800000)]
  0x0000011f8112dd80 JavaThread "Daemon client event forwarder" [_thread_blocked, id=25108, stack(0x0000001a60800000,0x0000001a60900000)]
  0x0000011f8112e290 JavaThread "Cache worker for journal cache (C:\Users\KESHAV KANT\.gradle\caches\journal-1)" [_thread_blocked, id=14432, stack(0x0000001a60900000,0x0000001a60a00000)]
  0x0000011f816c4fb0 JavaThread "File lock request listener" [_thread_in_native, id=15172, stack(0x0000001a60a00000,0x0000001a60b00000)]
  0x0000011f816c3b70 JavaThread "Cache worker for file hash cache (C:\Users\KESHAV KANT\.gradle\caches\8.3\fileHashes)" [_thread_blocked, id=8460, stack(0x0000001a60b00000,0x0000001a60c00000)]

Other Threads:
  0x0000011fe00c2010 VMThread "VM Thread" [stack: 0x0000001a5e900000,0x0000001a5ea00000] [id=21580]
  0x0000011fc13910f0 WatcherThread [stack: 0x0000001a5f800000,0x0000001a5f900000] [id=4324]
  0x0000011fc13ef260 GCTaskThread "GC Thread#0" [stack: 0x0000001a5e400000,0x0000001a5e500000] [id=24756]
  0x0000011f80588270 GCTaskThread "GC Thread#1" [stack: 0x0000001a5fb00000,0x0000001a5fc00000] [id=2500]
  0x0000011f803f8590 GCTaskThread "GC Thread#2" [stack: 0x0000001a5fc00000,0x0000001a5fd00000] [id=25016]
  0x0000011f803f8850 GCTaskThread "GC Thread#3" [stack: 0x0000001a5fd00000,0x0000001a5fe00000] [id=13868]
  0x0000011f803f9530 GCTaskThread "GC Thread#4" [stack: 0x0000001a5fe00000,0x0000001a5ff00000] [id=21452]
  0x0000011fc14001b0 ConcurrentGCThread "G1 Main Marker" [stack: 0x0000001a5e500000,0x0000001a5e600000] [id=21248]
  0x0000011fc14011d0 ConcurrentGCThread "G1 Conc#0" [stack: 0x0000001a5e600000,0x0000001a5e700000] [id=19020]
  0x0000011fc144ec30 ConcurrentGCThread "G1 Refine#0" [stack: 0x0000001a5e700000,0x0000001a5e800000] [id=19220]
  0x0000011fdff29590 ConcurrentGCThread "G1 Service" [stack: 0x0000001a5e800000,0x0000001a5e900000] [id=4816]

Threads with active compile tasks:
C2 CompilerThread0     2686 2484   !   4       java.lang.ClassLoader::loadClass (121 bytes)
C2 CompilerThread1     2686 2542   !   4       java.net.URLClassLoader::findClass (47 bytes)
C2 CompilerThread2     2686 2641       4       java.net.URLClassLoader$1::run (5 bytes)

VM state: not at safepoint (normal execution)

VM Mutex/Monitor currently owned by a thread: None

Heap address: 0x0000000080000000, size: 2048 MB, Compressed Oops mode: 32-bit

CDS archive(s) mapped at: [0x0000011fe1000000-0x0000011fe1bd0000-0x0000011fe1bd0000), size 12386304, SharedBaseAddress: 0x0000011fe1000000, ArchiveRelocationMode: 1.
Compressed class space mapped at: 0x0000011fe2000000-0x0000011ffc000000, reserved size: 436207616
Narrow klass base: 0x0000011fe1000000, Narrow klass shift: 0, Narrow klass range: 0x100000000

GC Precious Log:
 CPUs: 16 total, 16 available
 Memory: 15791M
 Large Page Support: Disabled
 NUMA Support: Disabled
 Compressed Oops: Enabled (32-bit)
 Heap Region Size: 1M
 Heap Min Capacity: 8M
 Heap Initial Capacity: 248M
 Heap Max Capacity: 2G
 Pre-touch: Disabled
 Parallel Workers: 13
 Concurrent Workers: 3
 Concurrent Refinement Workers: 13
 Periodic GC: Disabled

Heap:
 garbage-first heap   total 253952K, used 98530K [0x0000000080000000, 0x0000000100000000)
  region size 1024K, 87 young (89088K), 1 survivors (1024K)
 Metaspace       used 17142K, committed 17408K, reserved 491520K
  class space    used 2468K, committed 2624K, reserved 425984K

Heap Regions: E=young(eden), S=young(survivor), O=old, HS=humongous(starts), HC=humongous(continues), CS=collection set, F=free, OA=open archive, CA=closed archive, TAMS=top-at-mark-start (previous, next)
|   0|0x0000000080000000, 0x0000000080100000, 0x0000000080100000|100%|HS|  |TAMS 0x0000000080000000, 0x0000000080000000| Complete 
|   1|0x0000000080100000, 0x0000000080200000, 0x0000000080200000|100%|HC|  |TAMS 0x0000000080100000, 0x0000000080100000| Complete 
|   2|0x0000000080200000, 0x0000000080300000, 0x0000000080300000|100%|HC|  |TAMS 0x0000000080200000, 0x0000000080200000| Complete 
|   3|0x0000000080300000, 0x0000000080400000, 0x0000000080400000|100%|HC|  |TAMS 0x0000000080300000, 0x0000000080300000| Complete 
|   4|0x0000000080400000, 0x0000000080500000, 0x0000000080500000|100%| O|  |TAMS 0x0000000080400000, 0x0000000080400000| Untracked 
|   5|0x0000000080500000, 0x0000000080600000, 0x0000000080600000|100%| O|  |TAMS 0x0000000080500000, 0x0000000080500000| Untracked 
|   6|0x0000000080600000, 0x0000000080700000, 0x0000000080700000|100%| O|  |TAMS 0x0000000080600000, 0x0000000080600000| Untracked 
|   7|0x0000000080700000, 0x0000000080800000, 0x0000000080800000|100%| O|  |TAMS 0x0000000080700000, 0x0000000080700000| Untracked 
|   8|0x0000000080800000, 0x0000000080900000, 0x0000000080900000|100%| O|  |TAMS 0x0000000080800000, 0x0000000080800000| Untracked 
|   9|0x0000000080900000, 0x0000000080a00000, 0x0000000080a00000|100%| O|  |TAMS 0x0000000080900000, 0x0000000080900000| Untracked 
|  10|0x0000000080a00000, 0x0000000080a79600, 0x0000000080b00000| 47%| O|  |TAMS 0x0000000080a00000, 0x0000000080a00000| Untracked 
|  11|0x0000000080b00000, 0x0000000080c00000, 0x0000000080c00000|100%|HS|  |TAMS 0x0000000080b00000, 0x0000000080b00000| Complete 
|  12|0x0000000080c00000, 0x0000000080c00000, 0x0000000080d00000|  0%| F|  |TAMS 0x0000000080c00000, 0x0000000080c00000| Untracked 
|  13|0x0000000080d00000, 0x0000000080d00000, 0x0000000080e00000|  0%| F|  |TAMS 0x0000000080d00000, 0x0000000080d00000| Untracked 
|  14|0x0000000080e00000, 0x0000000080e00000, 0x0000000080f00000|  0%| F|  |TAMS 0x0000000080e00000, 0x0000000080e00000| Untracked 
|  15|0x0000000080f00000, 0x0000000080f00000, 0x0000000081000000|  0%| F|  |TAMS 0x0000000080f00000, 0x0000000080f00000| Untracked 
|  16|0x0000000081000000, 0x0000000081000000, 0x0000000081100000|  0%| F|  |TAMS 0x0000000081000000, 0x0000000081000000| Untracked 
|  17|0x0000000081100000, 0x0000000081100000, 0x0000000081200000|  0%| F|  |TAMS 0x0000000081100000, 0x0000000081100000| Untracked 
|  18|0x0000000081200000, 0x0000000081200000, 0x0000000081300000|  0%| F|  |TAMS 0x0000000081200000, 0x0000000081200000| Untracked 
|  19|0x0000000081300000, 0x0000000081300000, 0x0000000081400000|  0%| F|  |TAMS 0x0000000081300000, 0x0000000081300000| Untracked 
|  20|0x0000000081400000, 0x0000000081400000, 0x0000000081500000|  0%| F|  |TAMS 0x0000000081400000, 0x0000000081400000| Untracked 
|  21|0x0000000081500000, 0x0000000081500000, 0x0000000081600000|  0%| F|  |TAMS 0x0000000081500000, 0x0000000081500000| Untracked 
|  22|0x0000000081600000, 0x0000000081600000, 0x0000000081700000|  0%| F|  |TAMS 0x0000000081600000, 0x0000000081600000| Untracked 
|  23|0x0000000081700000, 0x0000000081700000, 0x0000000081800000|  0%| F|  |TAMS 0x0000000081700000, 0x0000000081700000| Untracked 
|  24|0x0000000081800000, 0x0000000081800000, 0x0000000081900000|  0%| F|  |TAMS 0x0000000081800000, 0x0000000081800000| Untracked 
|  25|0x0000000081900000, 0x0000000081900000, 0x0000000081a00000|  0%| F|  |TAMS 0x0000000081900000, 0x0000000081900000| Untracked 
|  26|0x0000000081a00000, 0x0000000081a00000, 0x0000000081b00000|  0%| F|  |TAMS 0x0000000081a00000, 0x0000000081a00000| Untracked 
|  27|0x0000000081b00000, 0x0000000081b00000, 0x0000000081c00000|  0%| F|  |TAMS 0x0000000081b00000, 0x0000000081b00000| Untracked 
|  28|0x0000000081c00000, 0x0000000081c00000, 0x0000000081d00000|  0%| F|  |TAMS 0x0000000081c00000, 0x0000000081c00000| Untracked 
|  29|0x0000000081d00000, 0x0000000081d00000, 0x0000000081e00000|  0%| F|  |TAMS 0x0000000081d00000, 0x0000000081d00000| Untracked 
|  30|0x0000000081e00000, 0x0000000081e00000, 0x0000000081f00000|  0%| F|  |TAMS 0x0000000081e00000, 0x0000000081e00000| Untracked 
|  31|0x0000000081f00000, 0x0000000081f00000, 0x0000000082000000|  0%| F|  |TAMS 0x0000000081f00000, 0x0000000081f00000| Untracked 
|  32|0x0000000082000000, 0x0000000082000000, 0x0000000082100000|  0%| F|  |TAMS 0x0000000082000000, 0x0000000082000000| Untracked 
|  33|0x0000000082100000, 0x0000000082100000, 0x0000000082200000|  0%| F|  |TAMS 0x0000000082100000, 0x0000000082100000| Untracked 
|  34|0x0000000082200000, 0x0000000082200000, 0x0000000082300000|  0%| F|  |TAMS 0x0000000082200000, 0x0000000082200000| Untracked 
|  35|0x0000000082300000, 0x0000000082300000, 0x0000000082400000|  0%| F|  |TAMS 0x0000000082300000, 0x0000000082300000| Untracked 
|  36|0x0000000082400000, 0x0000000082400000, 0x0000000082500000|  0%| F|  |TAMS 0x0000000082400000, 0x0000000082400000| Untracked 
|  37|0x0000000082500000, 0x0000000082500000, 0x0000000082600000|  0%| F|  |TAMS 0x0000000082500000, 0x0000000082500000| Untracked 
|  38|0x0000000082600000, 0x0000000082600000, 0x0000000082700000|  0%| F|  |TAMS 0x0000000082600000, 0x0000000082600000| Untracked 
|  39|0x0000000082700000, 0x0000000082700000, 0x0000000082800000|  0%| F|  |TAMS 0x0000000082700000, 0x0000000082700000| Untracked 
|  40|0x0000000082800000, 0x0000000082800000, 0x0000000082900000|  0%| F|  |TAMS 0x0000000082800000, 0x0000000082800000| Untracked 
|  41|0x0000000082900000, 0x0000000082900000, 0x0000000082a00000|  0%| F|  |TAMS 0x0000000082900000, 0x0000000082900000| Untracked 
|  42|0x0000000082a00000, 0x0000000082a00000, 0x0000000082b00000|  0%| F|  |TAMS 0x0000000082a00000, 0x0000000082a00000| Untracked 
|  43|0x0000000082b00000, 0x0000000082b00000, 0x0000000082c00000|  0%| F|  |TAMS 0x0000000082b00000, 0x0000000082b00000| Untracked 
|  44|0x0000000082c00000, 0x0000000082c00000, 0x0000000082d00000|  0%| F|  |TAMS 0x0000000082c00000, 0x0000000082c00000| Untracked 
|  45|0x0000000082d00000, 0x0000000082d00000, 0x0000000082e00000|  0%| F|  |TAMS 0x0000000082d00000, 0x0000000082d00000| Untracked 
|  46|0x0000000082e00000, 0x0000000082e00000, 0x0000000082f00000|  0%| F|  |TAMS 0x0000000082e00000, 0x0000000082e00000| Untracked 
|  47|0x0000000082f00000, 0x0000000082f00000, 0x0000000083000000|  0%| F|  |TAMS 0x0000000082f00000, 0x0000000082f00000| Untracked 
|  48|0x0000000083000000, 0x0000000083000000, 0x0000000083100000|  0%| F|  |TAMS 0x0000000083000000, 0x0000000083000000| Untracked 
|  49|0x0000000083100000, 0x0000000083100000, 0x0000000083200000|  0%| F|  |TAMS 0x0000000083100000, 0x0000000083100000| Untracked 
|  50|0x0000000083200000, 0x0000000083200000, 0x0000000083300000|  0%| F|  |TAMS 0x0000000083200000, 0x0000000083200000| Untracked 
|  51|0x0000000083300000, 0x0000000083300000, 0x0000000083400000|  0%| F|  |TAMS 0x0000000083300000, 0x0000000083300000| Untracked 
|  52|0x0000000083400000, 0x0000000083400000, 0x0000000083500000|  0%| F|  |TAMS 0x0000000083400000, 0x0000000083400000| Untracked 
|  53|0x0000000083500000, 0x0000000083500000, 0x0000000083600000|  0%| F|  |TAMS 0x0000000083500000, 0x0000000083500000| Untracked 
|  54|0x0000000083600000, 0x0000000083600000, 0x0000000083700000|  0%| F|  |TAMS 0x0000000083600000, 0x0000000083600000| Untracked 
|  55|0x0000000083700000, 0x0000000083700000, 0x0000000083800000|  0%| F|  |TAMS 0x0000000083700000, 0x0000000083700000| Untracked 
|  56|0x0000000083800000, 0x0000000083800000, 0x0000000083900000|  0%| F|  |TAMS 0x0000000083800000, 0x0000000083800000| Untracked 
|  57|0x0000000083900000, 0x0000000083900000, 0x0000000083a00000|  0%| F|  |TAMS 0x0000000083900000, 0x0000000083900000| Untracked 
|  58|0x0000000083a00000, 0x0000000083a00000, 0x0000000083b00000|  0%| F|  |TAMS 0x0000000083a00000, 0x0000000083a00000| Untracked 
|  59|0x0000000083b00000, 0x0000000083b00000, 0x0000000083c00000|  0%| F|  |TAMS 0x0000000083b00000, 0x0000000083b00000| Untracked 
|  60|0x0000000083c00000, 0x0000000083c00000, 0x0000000083d00000|  0%| F|  |TAMS 0x0000000083c00000, 0x0000000083c00000| Untracked 
|  61|0x0000000083d00000, 0x0000000083d00000, 0x0000000083e00000|  0%| F|  |TAMS 0x0000000083d00000, 0x0000000083d00000| Untracked 
|  62|0x0000000083e00000, 0x0000000083e00000, 0x0000000083f00000|  0%| F|  |TAMS 0x0000000083e00000, 0x0000000083e00000| Untracked 
|  63|0x0000000083f00000, 0x0000000083f00000, 0x0000000084000000|  0%| F|  |TAMS 0x0000000083f00000, 0x0000000083f00000| Untracked 
|  64|0x0000000084000000, 0x0000000084000000, 0x0000000084100000|  0%| F|  |TAMS 0x0000000084000000, 0x0000000084000000| Untracked 
|  65|0x0000000084100000, 0x0000000084100000, 0x0000000084200000|  0%| F|  |TAMS 0x0000000084100000, 0x0000000084100000| Untracked 
|  66|0x0000000084200000, 0x0000000084200000, 0x0000000084300000|  0%| F|  |TAMS 0x0000000084200000, 0x0000000084200000| Untracked 
|  67|0x0000000084300000, 0x0000000084300000, 0x0000000084400000|  0%| F|  |TAMS 0x0000000084300000, 0x0000000084300000| Untracked 
|  68|0x0000000084400000, 0x0000000084400000, 0x0000000084500000|  0%| F|  |TAMS 0x0000000084400000, 0x0000000084400000| Untracked 
|  69|0x0000000084500000, 0x0000000084500000, 0x0000000084600000|  0%| F|  |TAMS 0x0000000084500000, 0x0000000084500000| Untracked 
|  70|0x0000000084600000, 0x0000000084600000, 0x0000000084700000|  0%| F|  |TAMS 0x0000000084600000, 0x0000000084600000| Untracked 
|  71|0x0000000084700000, 0x0000000084700000, 0x0000000084800000|  0%| F|  |TAMS 0x0000000084700000, 0x0000000084700000| Untracked 
|  72|0x0000000084800000, 0x0000000084800000, 0x0000000084900000|  0%| F|  |TAMS 0x0000000084800000, 0x0000000084800000| Untracked 
|  73|0x0000000084900000, 0x0000000084900000, 0x0000000084a00000|  0%| F|  |TAMS 0x0000000084900000, 0x0000000084900000| Untracked 
|  74|0x0000000084a00000, 0x0000000084a00000, 0x0000000084b00000|  0%| F|  |TAMS 0x0000000084a00000, 0x0000000084a00000| Untracked 
|  75|0x0000000084b00000, 0x0000000084b00000, 0x0000000084c00000|  0%| F|  |TAMS 0x0000000084b00000, 0x0000000084b00000| Untracked 
|  76|0x0000000084c00000, 0x0000000084c00000, 0x0000000084d00000|  0%| F|  |TAMS 0x0000000084c00000, 0x0000000084c00000| Untracked 
|  77|0x0000000084d00000, 0x0000000084d00000, 0x0000000084e00000|  0%| F|  |TAMS 0x0000000084d00000, 0x0000000084d00000| Untracked 
|  78|0x0000000084e00000, 0x0000000084e00000, 0x0000000084f00000|  0%| F|  |TAMS 0x0000000084e00000, 0x0000000084e00000| Untracked 
|  79|0x0000000084f00000, 0x0000000084f00000, 0x0000000085000000|  0%| F|  |TAMS 0x0000000084f00000, 0x0000000084f00000| Untracked 
|  80|0x0000000085000000, 0x0000000085000000, 0x0000000085100000|  0%| F|  |TAMS 0x0000000085000000, 0x0000000085000000| Untracked 
|  81|0x0000000085100000, 0x0000000085100000, 0x0000000085200000|  0%| F|  |TAMS 0x0000000085100000, 0x0000000085100000| Untracked 
|  82|0x0000000085200000, 0x0000000085200000, 0x0000000085300000|  0%| F|  |TAMS 0x0000000085200000, 0x0000000085200000| Untracked 
|  83|0x0000000085300000, 0x0000000085300000, 0x0000000085400000|  0%| F|  |TAMS 0x0000000085300000, 0x0000000085300000| Untracked 
|  84|0x0000000085400000, 0x0000000085400000, 0x0000000085500000|  0%| F|  |TAMS 0x0000000085400000, 0x0000000085400000| Untracked 
|  85|0x0000000085500000, 0x0000000085500000, 0x0000000085600000|  0%| F|  |TAMS 0x0000000085500000, 0x0000000085500000| Untracked 
|  86|0x0000000085600000, 0x0000000085600000, 0x0000000085700000|  0%| F|  |TAMS 0x0000000085600000, 0x0000000085600000| Untracked 
|  87|0x0000000085700000, 0x0000000085700000, 0x0000000085800000|  0%| F|  |TAMS 0x0000000085700000, 0x0000000085700000| Untracked 
|  88|0x0000000085800000, 0x0000000085800000, 0x0000000085900000|  0%| F|  |TAMS 0x0000000085800000, 0x0000000085800000| Untracked 
|  89|0x0000000085900000, 0x0000000085900000, 0x0000000085a00000|  0%| F|  |TAMS 0x0000000085900000, 0x0000000085900000| Untracked 
|  90|0x0000000085a00000, 0x0000000085a00000, 0x0000000085b00000|  0%| F|  |TAMS 0x0000000085a00000, 0x0000000085a00000| Untracked 
|  91|0x0000000085b00000, 0x0000000085b00000, 0x0000000085c00000|  0%| F|  |TAMS 0x0000000085b00000, 0x0000000085b00000| Untracked 
|  92|0x0000000085c00000, 0x0000000085c00000, 0x0000000085d00000|  0%| F|  |TAMS 0x0000000085c00000, 0x0000000085c00000| Untracked 
|  93|0x0000000085d00000, 0x0000000085d00000, 0x0000000085e00000|  0%| F|  |TAMS 0x0000000085d00000, 0x0000000085d00000| Untracked 
|  94|0x0000000085e00000, 0x0000000085e00000, 0x0000000085f00000|  0%| F|  |TAMS 0x0000000085e00000, 0x0000000085e00000| Untracked 
|  95|0x0000000085f00000, 0x0000000085f00000, 0x0000000086000000|  0%| F|  |TAMS 0x0000000085f00000, 0x0000000085f00000| Untracked 
|  96|0x0000000086000000, 0x0000000086000000, 0x0000000086100000|  0%| F|  |TAMS 0x0000000086000000, 0x0000000086000000| Untracked 
|  97|0x0000000086100000, 0x0000000086100000, 0x0000000086200000|  0%| F|  |TAMS 0x0000000086100000, 0x0000000086100000| Untracked 
|  98|0x0000000086200000, 0x0000000086200000, 0x0000000086300000|  0%| F|  |TAMS 0x0000000086200000, 0x0000000086200000| Untracked 
|  99|0x0000000086300000, 0x0000000086300000, 0x0000000086400000|  0%| F|  |TAMS 0x0000000086300000, 0x0000000086300000| Untracked 
| 100|0x0000000086400000, 0x0000000086400000, 0x0000000086500000|  0%| F|  |TAMS 0x0000000086400000, 0x0000000086400000| Untracked 
| 101|0x0000000086500000, 0x0000000086500000, 0x0000000086600000|  0%| F|  |TAMS 0x0000000086500000, 0x0000000086500000| Untracked 
| 102|0x0000000086600000, 0x0000000086600000, 0x0000000086700000|  0%| F|  |TAMS 0x0000000086600000, 0x0000000086600000| Untracked 
| 103|0x0000000086700000, 0x0000000086700000, 0x0000000086800000|  0%| F|  |TAMS 0x0000000086700000, 0x0000000086700000| Untracked 
| 104|0x0000000086800000, 0x0000000086800000, 0x0000000086900000|  0%| F|  |TAMS 0x0000000086800000, 0x0000000086800000| Untracked 
| 105|0x0000000086900000, 0x0000000086900000, 0x0000000086a00000|  0%| F|  |TAMS 0x0000000086900000, 0x0000000086900000| Untracked 
| 106|0x0000000086a00000, 0x0000000086a00000, 0x0000000086b00000|  0%| F|  |TAMS 0x0000000086a00000, 0x0000000086a00000| Untracked 
| 107|0x0000000086b00000, 0x0000000086b00000, 0x0000000086c00000|  0%| F|  |TAMS 0x0000000086b00000, 0x0000000086b00000| Untracked 
| 108|0x0000000086c00000, 0x0000000086c00000, 0x0000000086d00000|  0%| F|  |TAMS 0x0000000086c00000, 0x0000000086c00000| Untracked 
| 109|0x0000000086d00000, 0x0000000086d00000, 0x0000000086e00000|  0%| F|  |TAMS 0x0000000086d00000, 0x0000000086d00000| Untracked 
| 110|0x0000000086e00000, 0x0000000086e00000, 0x0000000086f00000|  0%| F|  |TAMS 0x0000000086e00000, 0x0000000086e00000| Untracked 
| 111|0x0000000086f00000, 0x0000000086f00000, 0x0000000087000000|  0%| F|  |TAMS 0x0000000086f00000, 0x0000000086f00000| Untracked 
| 112|0x0000000087000000, 0x0000000087000000, 0x0000000087100000|  0%| F|  |TAMS 0x0000000087000000, 0x0000000087000000| Untracked 
| 113|0x0000000087100000, 0x0000000087100000, 0x0000000087200000|  0%| F|  |TAMS 0x0000000087100000, 0x0000000087100000| Untracked 
| 114|0x0000000087200000, 0x0000000087200000, 0x0000000087300000|  0%| F|  |TAMS 0x0000000087200000, 0x0000000087200000| Untracked 
| 115|0x0000000087300000, 0x0000000087300000, 0x0000000087400000|  0%| F|  |TAMS 0x0000000087300000, 0x0000000087300000| Untracked 
| 116|0x0000000087400000, 0x0000000087400000, 0x0000000087500000|  0%| F|  |TAMS 0x0000000087400000, 0x0000000087400000| Untracked 
| 117|0x0000000087500000, 0x0000000087500000, 0x0000000087600000|  0%| F|  |TAMS 0x0000000087500000, 0x0000000087500000| Untracked 
| 118|0x0000000087600000, 0x0000000087600000, 0x0000000087700000|  0%| F|  |TAMS 0x0000000087600000, 0x0000000087600000| Untracked 
| 119|0x0000000087700000, 0x0000000087700000, 0x0000000087800000|  0%| F|  |TAMS 0x0000000087700000, 0x0000000087700000| Untracked 
| 120|0x0000000087800000, 0x0000000087800000, 0x0000000087900000|  0%| F|  |TAMS 0x0000000087800000, 0x0000000087800000| Untracked 
| 121|0x0000000087900000, 0x0000000087900000, 0x0000000087a00000|  0%| F|  |TAMS 0x0000000087900000, 0x0000000087900000| Untracked 
| 122|0x0000000087a00000, 0x0000000087a00000, 0x0000000087b00000|  0%| F|  |TAMS 0x0000000087a00000, 0x0000000087a00000| Untracked 
| 123|0x0000000087b00000, 0x0000000087b00000, 0x0000000087c00000|  0%| F|  |TAMS 0x0000000087b00000, 0x0000000087b00000| Untracked 
| 124|0x0000000087c00000, 0x0000000087c00000, 0x0000000087d00000|  0%| F|  |TAMS 0x0000000087c00000, 0x0000000087c00000| Untracked 
| 125|0x0000000087d00000, 0x0000000087d00000, 0x0000000087e00000|  0%| F|  |TAMS 0x0000000087d00000, 0x0000000087d00000| Untracked 
| 126|0x0000000087e00000, 0x0000000087e00000, 0x0000000087f00000|  0%| F|  |TAMS 0x0000000087e00000, 0x0000000087e00000| Untracked 
| 127|0x0000000087f00000, 0x0000000087f00000, 0x0000000088000000|  0%| F|  |TAMS 0x0000000087f00000, 0x0000000087f00000| Untracked 
| 128|0x0000000088000000, 0x0000000088000000, 0x0000000088100000|  0%| F|  |TAMS 0x0000000088000000, 0x0000000088000000| Untracked 
| 129|0x0000000088100000, 0x0000000088100000, 0x0000000088200000|  0%| F|  |TAMS 0x0000000088100000, 0x0000000088100000| Untracked 
| 130|0x0000000088200000, 0x0000000088200000, 0x0000000088300000|  0%| F|  |TAMS 0x0000000088200000, 0x0000000088200000| Untracked 
| 131|0x0000000088300000, 0x0000000088300000, 0x0000000088400000|  0%| F|  |TAMS 0x0000000088300000, 0x0000000088300000| Untracked 
| 132|0x0000000088400000, 0x0000000088400000, 0x0000000088500000|  0%| F|  |TAMS 0x0000000088400000, 0x0000000088400000| Untracked 
| 133|0x0000000088500000, 0x0000000088500000, 0x0000000088600000|  0%| F|  |TAMS 0x0000000088500000, 0x0000000088500000| Untracked 
| 134|0x0000000088600000, 0x0000000088600000, 0x0000000088700000|  0%| F|  |TAMS 0x0000000088600000, 0x0000000088600000| Untracked 
| 135|0x0000000088700000, 0x0000000088700000, 0x0000000088800000|  0%| F|  |TAMS 0x0000000088700000, 0x0000000088700000| Untracked 
| 136|0x0000000088800000, 0x0000000088800000, 0x0000000088900000|  0%| F|  |TAMS 0x0000000088800000, 0x0000000088800000| Untracked 
| 137|0x0000000088900000, 0x0000000088900000, 0x0000000088a00000|  0%| F|  |TAMS 0x0000000088900000, 0x0000000088900000| Untracked 
| 138|0x0000000088a00000, 0x0000000088a00000, 0x0000000088b00000|  0%| F|  |TAMS 0x0000000088a00000, 0x0000000088a00000| Untracked 
| 139|0x0000000088b00000, 0x0000000088b00000, 0x0000000088c00000|  0%| F|  |TAMS 0x0000000088b00000, 0x0000000088b00000| Untracked 
| 140|0x0000000088c00000, 0x0000000088c00000, 0x0000000088d00000|  0%| F|  |TAMS 0x0000000088c00000, 0x0000000088c00000| Untracked 
| 141|0x0000000088d00000, 0x0000000088d00000, 0x0000000088e00000|  0%| F|  |TAMS 0x0000000088d00000, 0x0000000088d00000| Untracked 
| 142|0x0000000088e00000, 0x0000000088e00000, 0x0000000088f00000|  0%| F|  |TAMS 0x0000000088e00000, 0x0000000088e00000| Untracked 
| 143|0x0000000088f00000, 0x0000000088f00000, 0x0000000089000000|  0%| F|  |TAMS 0x0000000088f00000, 0x0000000088f00000| Untracked 
| 144|0x0000000089000000, 0x0000000089000000, 0x0000000089100000|  0%| F|  |TAMS 0x0000000089000000, 0x0000000089000000| Untracked 
| 145|0x0000000089100000, 0x0000000089100000, 0x0000000089200000|  0%| F|  |TAMS 0x0000000089100000, 0x0000000089100000| Untracked 
| 146|0x0000000089200000, 0x0000000089200000, 0x0000000089300000|  0%| F|  |TAMS 0x0000000089200000, 0x0000000089200000| Untracked 
| 147|0x0000000089300000, 0x0000000089300000, 0x0000000089400000|  0%| F|  |TAMS 0x0000000089300000, 0x0000000089300000| Untracked 
| 148|0x0000000089400000, 0x0000000089400000, 0x0000000089500000|  0%| F|  |TAMS 0x0000000089400000, 0x0000000089400000| Untracked 
| 149|0x0000000089500000, 0x0000000089500000, 0x0000000089600000|  0%| F|  |TAMS 0x0000000089500000, 0x0000000089500000| Untracked 
| 150|0x0000000089600000, 0x0000000089600000, 0x0000000089700000|  0%| F|  |TAMS 0x0000000089600000, 0x0000000089600000| Untracked 
| 151|0x0000000089700000, 0x0000000089700000, 0x0000000089800000|  0%| F|  |TAMS 0x0000000089700000, 0x0000000089700000| Untracked 
| 152|0x0000000089800000, 0x0000000089800000, 0x0000000089900000|  0%| F|  |TAMS 0x0000000089800000, 0x0000000089800000| Untracked 
| 153|0x0000000089900000, 0x0000000089900000, 0x0000000089a00000|  0%| F|  |TAMS 0x0000000089900000, 0x0000000089900000| Untracked 
| 154|0x0000000089a00000, 0x0000000089a00000, 0x0000000089b00000|  0%| F|  |TAMS 0x0000000089a00000, 0x0000000089a00000| Untracked 
| 155|0x0000000089b00000, 0x0000000089b00000, 0x0000000089c00000|  0%| F|  |TAMS 0x0000000089b00000, 0x0000000089b00000| Untracked 
| 156|0x0000000089c00000, 0x0000000089c00000, 0x0000000089d00000|  0%| F|  |TAMS 0x0000000089c00000, 0x0000000089c00000| Untracked 
| 157|0x0000000089d00000, 0x0000000089d00000, 0x0000000089e00000|  0%| F|  |TAMS 0x0000000089d00000, 0x0000000089d00000| Untracked 
| 158|0x0000000089e00000, 0x0000000089e00000, 0x0000000089f00000|  0%| F|  |TAMS 0x0000000089e00000, 0x0000000089e00000| Untracked 
| 159|0x0000000089f00000, 0x0000000089f00000, 0x000000008a000000|  0%| F|  |TAMS 0x0000000089f00000, 0x0000000089f00000| Untracked 
| 160|0x000000008a000000, 0x000000008a088cc8, 0x000000008a100000| 53%| E|  |TAMS 0x000000008a000000, 0x000000008a000000| Complete 
| 161|0x000000008a100000, 0x000000008a200000, 0x000000008a200000|100%| E|CS|TAMS 0x000000008a100000, 0x000000008a100000| Complete 
| 162|0x000000008a200000, 0x000000008a300000, 0x000000008a300000|100%| E|CS|TAMS 0x000000008a200000, 0x000000008a200000| Complete 
| 163|0x000000008a300000, 0x000000008a400000, 0x000000008a400000|100%| E|CS|TAMS 0x000000008a300000, 0x000000008a300000| Complete 
| 164|0x000000008a400000, 0x000000008a500000, 0x000000008a500000|100%| E|CS|TAMS 0x000000008a400000, 0x000000008a400000| Complete 
| 165|0x000000008a500000, 0x000000008a600000, 0x000000008a600000|100%| E|CS|TAMS 0x000000008a500000, 0x000000008a500000| Complete 
| 166|0x000000008a600000, 0x000000008a700000, 0x000000008a700000|100%| E|CS|TAMS 0x000000008a600000, 0x000000008a600000| Complete 
| 167|0x000000008a700000, 0x000000008a800000, 0x000000008a800000|100%| E|CS|TAMS 0x000000008a700000, 0x000000008a700000| Complete 
| 168|0x000000008a800000, 0x000000008a900000, 0x000000008a900000|100%| E|CS|TAMS 0x000000008a800000, 0x000000008a800000| Complete 
| 169|0x000000008a900000, 0x000000008aa00000, 0x000000008aa00000|100%| E|CS|TAMS 0x000000008a900000, 0x000000008a900000| Complete 
| 170|0x000000008aa00000, 0x000000008ab00000, 0x000000008ab00000|100%| E|CS|TAMS 0x000000008aa00000, 0x000000008aa00000| Complete 
| 171|0x000000008ab00000, 0x000000008ac00000, 0x000000008ac00000|100%| E|CS|TAMS 0x000000008ab00000, 0x000000008ab00000| Complete 
| 172|0x000000008ac00000, 0x000000008ad00000, 0x000000008ad00000|100%| E|CS|TAMS 0x000000008ac00000, 0x000000008ac00000| Complete 
| 173|0x000000008ad00000, 0x000000008ae00000, 0x000000008ae00000|100%| E|CS|TAMS 0x000000008ad00000, 0x000000008ad00000| Complete 
| 174|0x000000008ae00000, 0x000000008af00000, 0x000000008af00000|100%| E|CS|TAMS 0x000000008ae00000, 0x000000008ae00000| Complete 
| 175|0x000000008af00000, 0x000000008b000000, 0x000000008b000000|100%| E|CS|TAMS 0x000000008af00000, 0x000000008af00000| Complete 
| 176|0x000000008b000000, 0x000000008b100000, 0x000000008b100000|100%| E|CS|TAMS 0x000000008b000000, 0x000000008b000000| Complete 
| 177|0x000000008b100000, 0x000000008b200000, 0x000000008b200000|100%| E|CS|TAMS 0x000000008b100000, 0x000000008b100000| Complete 
| 178|0x000000008b200000, 0x000000008b300000, 0x000000008b300000|100%| E|CS|TAMS 0x000000008b200000, 0x000000008b200000| Complete 
| 179|0x000000008b300000, 0x000000008b400000, 0x000000008b400000|100%| E|CS|TAMS 0x000000008b300000, 0x000000008b300000| Complete 
| 180|0x000000008b400000, 0x000000008b500000, 0x000000008b500000|100%| E|CS|TAMS 0x000000008b400000, 0x000000008b400000| Complete 
| 181|0x000000008b500000, 0x000000008b600000, 0x000000008b600000|100%| E|CS|TAMS 0x000000008b500000, 0x000000008b500000| Complete 
| 182|0x000000008b600000, 0x000000008b700000, 0x000000008b700000|100%| E|CS|TAMS 0x000000008b600000, 0x000000008b600000| Complete 
| 183|0x000000008b700000, 0x000000008b800000, 0x000000008b800000|100%| E|CS|TAMS 0x000000008b700000, 0x000000008b700000| Complete 
| 184|0x000000008b800000, 0x000000008b900000, 0x000000008b900000|100%| E|CS|TAMS 0x000000008b800000, 0x000000008b800000| Complete 
| 185|0x000000008b900000, 0x000000008ba00000, 0x000000008ba00000|100%| E|CS|TAMS 0x000000008b900000, 0x000000008b900000| Complete 
| 186|0x000000008ba00000, 0x000000008bb00000, 0x000000008bb00000|100%| E|CS|TAMS 0x000000008ba00000, 0x000000008ba00000| Complete 
| 187|0x000000008bb00000, 0x000000008bc00000, 0x000000008bc00000|100%| E|CS|TAMS 0x000000008bb00000, 0x000000008bb00000| Complete 
| 188|0x000000008bc00000, 0x000000008bd00000, 0x000000008bd00000|100%| E|CS|TAMS 0x000000008bc00000, 0x000000008bc00000| Complete 
| 189|0x000000008bd00000, 0x000000008be00000, 0x000000008be00000|100%| E|CS|TAMS 0x000000008bd00000, 0x000000008bd00000| Complete 
| 190|0x000000008be00000, 0x000000008bf00000, 0x000000008bf00000|100%| E|CS|TAMS 0x000000008be00000, 0x000000008be00000| Complete 
| 191|0x000000008bf00000, 0x000000008c000000, 0x000000008c000000|100%| E|CS|TAMS 0x000000008bf00000, 0x000000008bf00000| Complete 
| 192|0x000000008c000000, 0x000000008c100000, 0x000000008c100000|100%| E|CS|TAMS 0x000000008c000000, 0x000000008c000000| Complete 
| 193|0x000000008c100000, 0x000000008c200000, 0x000000008c200000|100%| E|CS|TAMS 0x000000008c100000, 0x000000008c100000| Complete 
| 194|0x000000008c200000, 0x000000008c300000, 0x000000008c300000|100%| E|CS|TAMS 0x000000008c200000, 0x000000008c200000| Complete 
| 195|0x000000008c300000, 0x000000008c400000, 0x000000008c400000|100%| E|CS|TAMS 0x000000008c300000, 0x000000008c300000| Complete 
| 196|0x000000008c400000, 0x000000008c500000, 0x000000008c500000|100%| E|CS|TAMS 0x000000008c400000, 0x000000008c400000| Complete 
| 197|0x000000008c500000, 0x000000008c600000, 0x000000008c600000|100%| E|CS|TAMS 0x000000008c500000, 0x000000008c500000| Complete 
| 198|0x000000008c600000, 0x000000008c700000, 0x000000008c700000|100%| E|CS|TAMS 0x000000008c600000, 0x000000008c600000| Complete 
| 199|0x000000008c700000, 0x000000008c800000, 0x000000008c800000|100%| E|CS|TAMS 0x000000008c700000, 0x000000008c700000| Complete 
| 200|0x000000008c800000, 0x000000008c900000, 0x000000008c900000|100%| E|CS|TAMS 0x000000008c800000, 0x000000008c800000| Complete 
| 201|0x000000008c900000, 0x000000008ca00000, 0x000000008ca00000|100%| E|CS|TAMS 0x000000008c900000, 0x000000008c900000| Complete 
| 202|0x000000008ca00000, 0x000000008cb00000, 0x000000008cb00000|100%| E|CS|TAMS 0x000000008ca00000, 0x000000008ca00000| Complete 
| 203|0x000000008cb00000, 0x000000008cc00000, 0x000000008cc00000|100%| E|CS|TAMS 0x000000008cb00000, 0x000000008cb00000| Complete 
| 204|0x000000008cc00000, 0x000000008cd00000, 0x000000008cd00000|100%| E|CS|TAMS 0x000000008cc00000, 0x000000008cc00000| Complete 
| 205|0x000000008cd00000, 0x000000008ce00000, 0x000000008ce00000|100%| E|CS|TAMS 0x000000008cd00000, 0x000000008cd00000| Complete 
| 206|0x000000008ce00000, 0x000000008cf00000, 0x000000008cf00000|100%| E|CS|TAMS 0x000000008ce00000, 0x000000008ce00000| Complete 
| 207|0x000000008cf00000, 0x000000008d000000, 0x000000008d000000|100%| E|CS|TAMS 0x000000008cf00000, 0x000000008cf00000| Complete 
| 208|0x000000008d000000, 0x000000008d100000, 0x000000008d100000|100%| E|CS|TAMS 0x000000008d000000, 0x000000008d000000| Complete 
| 209|0x000000008d100000, 0x000000008d200000, 0x000000008d200000|100%| E|CS|TAMS 0x000000008d100000, 0x000000008d100000| Complete 
| 210|0x000000008d200000, 0x000000008d300000, 0x000000008d300000|100%| E|CS|TAMS 0x000000008d200000, 0x000000008d200000| Complete 
| 211|0x000000008d300000, 0x000000008d400000, 0x000000008d400000|100%| E|CS|TAMS 0x000000008d300000, 0x000000008d300000| Complete 
| 212|0x000000008d400000, 0x000000008d500000, 0x000000008d500000|100%| E|CS|TAMS 0x000000008d400000, 0x000000008d400000| Complete 
| 213|0x000000008d500000, 0x000000008d600000, 0x000000008d600000|100%| E|CS|TAMS 0x000000008d500000, 0x000000008d500000| Complete 
| 214|0x000000008d600000, 0x000000008d700000, 0x000000008d700000|100%| E|CS|TAMS 0x000000008d600000, 0x000000008d600000| Complete 
| 215|0x000000008d700000, 0x000000008d800000, 0x000000008d800000|100%| E|CS|TAMS 0x000000008d700000, 0x000000008d700000| Complete 
| 216|0x000000008d800000, 0x000000008d900000, 0x000000008d900000|100%| E|CS|TAMS 0x000000008d800000, 0x000000008d800000| Complete 
| 217|0x000000008d900000, 0x000000008d9bf398, 0x000000008da00000| 74%| S|CS|TAMS 0x000000008d900000, 0x000000008d900000| Complete 
| 218|0x000000008da00000, 0x000000008db00000, 0x000000008db00000|100%| E|CS|TAMS 0x000000008da00000, 0x000000008da00000| Complete 
| 219|0x000000008db00000, 0x000000008dc00000, 0x000000008dc00000|100%| E|CS|TAMS 0x000000008db00000, 0x000000008db00000| Complete 
| 220|0x000000008dc00000, 0x000000008dd00000, 0x000000008dd00000|100%| E|CS|TAMS 0x000000008dc00000, 0x000000008dc00000| Complete 
| 221|0x000000008dd00000, 0x000000008de00000, 0x000000008de00000|100%| E|CS|TAMS 0x000000008dd00000, 0x000000008dd00000| Complete 
| 222|0x000000008de00000, 0x000000008df00000, 0x000000008df00000|100%| E|CS|TAMS 0x000000008de00000, 0x000000008de00000| Complete 
| 223|0x000000008df00000, 0x000000008e000000, 0x000000008e000000|100%| E|CS|TAMS 0x000000008df00000, 0x000000008df00000| Complete 
| 224|0x000000008e000000, 0x000000008e100000, 0x000000008e100000|100%| E|CS|TAMS 0x000000008e000000, 0x000000008e000000| Complete 
| 225|0x000000008e100000, 0x000000008e200000, 0x000000008e200000|100%| E|CS|TAMS 0x000000008e100000, 0x000000008e100000| Complete 
| 226|0x000000008e200000, 0x000000008e300000, 0x000000008e300000|100%| E|CS|TAMS 0x000000008e200000, 0x000000008e200000| Complete 
| 227|0x000000008e300000, 0x000000008e400000, 0x000000008e400000|100%| E|CS|TAMS 0x000000008e300000, 0x000000008e300000| Complete 
| 228|0x000000008e400000, 0x000000008e500000, 0x000000008e500000|100%| E|CS|TAMS 0x000000008e400000, 0x000000008e400000| Complete 
| 229|0x000000008e500000, 0x000000008e600000, 0x000000008e600000|100%| E|CS|TAMS 0x000000008e500000, 0x000000008e500000| Complete 
| 230|0x000000008e600000, 0x000000008e700000, 0x000000008e700000|100%| E|CS|TAMS 0x000000008e600000, 0x000000008e600000| Complete 
| 231|0x000000008e700000, 0x000000008e800000, 0x000000008e800000|100%| E|CS|TAMS 0x000000008e700000, 0x000000008e700000| Complete 
| 232|0x000000008e800000, 0x000000008e900000, 0x000000008e900000|100%| E|CS|TAMS 0x000000008e800000, 0x000000008e800000| Complete 
| 233|0x000000008e900000, 0x000000008ea00000, 0x000000008ea00000|100%| E|CS|TAMS 0x000000008e900000, 0x000000008e900000| Complete 
| 234|0x000000008ea00000, 0x000000008eb00000, 0x000000008eb00000|100%| E|CS|TAMS 0x000000008ea00000, 0x000000008ea00000| Complete 
| 235|0x000000008eb00000, 0x000000008ec00000, 0x000000008ec00000|100%| E|CS|TAMS 0x000000008eb00000, 0x000000008eb00000| Complete 
| 236|0x000000008ec00000, 0x000000008ed00000, 0x000000008ed00000|100%| E|CS|TAMS 0x000000008ec00000, 0x000000008ec00000| Complete 
| 237|0x000000008ed00000, 0x000000008ee00000, 0x000000008ee00000|100%| E|CS|TAMS 0x000000008ed00000, 0x000000008ed00000| Complete 
| 238|0x000000008ee00000, 0x000000008ef00000, 0x000000008ef00000|100%| E|CS|TAMS 0x000000008ee00000, 0x000000008ee00000| Complete 
| 239|0x000000008ef00000, 0x000000008f000000, 0x000000008f000000|100%| E|CS|TAMS 0x000000008ef00000, 0x000000008ef00000| Complete 
| 240|0x000000008f000000, 0x000000008f100000, 0x000000008f100000|100%| E|CS|TAMS 0x000000008f000000, 0x000000008f000000| Complete 
| 241|0x000000008f100000, 0x000000008f200000, 0x000000008f200000|100%| E|CS|TAMS 0x000000008f100000, 0x000000008f100000| Complete 
| 242|0x000000008f200000, 0x000000008f300000, 0x000000008f300000|100%| E|CS|TAMS 0x000000008f200000, 0x000000008f200000| Complete 
| 243|0x000000008f300000, 0x000000008f400000, 0x000000008f400000|100%| E|CS|TAMS 0x000000008f300000, 0x000000008f300000| Complete 
| 244|0x000000008f400000, 0x000000008f500000, 0x000000008f500000|100%| E|CS|TAMS 0x000000008f400000, 0x000000008f400000| Complete 
| 245|0x000000008f500000, 0x000000008f600000, 0x000000008f600000|100%| E|  |TAMS 0x000000008f500000, 0x000000008f500000| Complete 
| 246|0x000000008f600000, 0x000000008f700000, 0x000000008f700000|100%| E|CS|TAMS 0x000000008f600000, 0x000000008f600000| Complete 
| 247|0x000000008f700000, 0x000000008f800000, 0x000000008f800000|100%| E|CS|TAMS 0x000000008f700000, 0x000000008f700000| Complete 

Card table byte_map: [0x0000011fd88b0000,0x0000011fd8cb0000] _byte_map_base: 0x0000011fd84b0000

Marking Bits (Prev, Next): (CMBitMap*) 0x0000011fc13ef880, (CMBitMap*) 0x0000011fc13ef8c0
 Prev Bits: [0x0000011fd90b0000, 0x0000011fdb0b0000)
 Next Bits: [0x0000011fdb0b0000, 0x0000011fdd0b0000)

Polling page: 0x0000011fbf360000

Metaspace:

Usage:
  Non-class:     14.37 MB used.
      Class:      2.41 MB used.
       Both:     16.78 MB used.

Virtual space:
  Non-class space:       64.00 MB reserved,      14.50 MB ( 23%) committed,  1 nodes.
      Class space:      416.00 MB reserved,       2.56 MB ( <1%) committed,  1 nodes.
             Both:      480.00 MB reserved,      17.06 MB (  4%) committed. 

Chunk freelists:
   Non-Class:  1.52 MB
       Class:  13.44 MB
        Both:  14.96 MB

MaxMetaspaceSize: 512.00 MB
CompressedClassSpaceSize: 416.00 MB
Initial GC threshold: 21.00 MB
Current GC threshold: 21.00 MB
CDS: on
MetaspaceReclaimPolicy: balanced
 - commit_granule_bytes: 65536.
 - commit_granule_words: 8192.
 - virtual_space_node_default_size: 8388608.
 - enlarge_chunks_in_place: 1.
 - new_chunks_are_fully_committed: 0.
 - uncommit_free_chunks: 1.
 - use_allocation_guard: 0.
 - handle_deallocations: 1.


Internal statistics:

num_allocs_failed_limit: 0.
num_arena_births: 218.
num_arena_deaths: 0.
num_vsnodes_births: 2.
num_vsnodes_deaths: 0.
num_space_committed: 273.
num_space_uncommitted: 0.
num_chunks_returned_to_freelist: 0.
num_chunks_taken_from_freelist: 783.
num_chunk_merges: 0.
num_chunk_splits: 524.
num_chunks_enlarged: 387.
num_inconsistent_stats: 0.

CodeHeap 'non-profiled nmethods': size=119168Kb used=1291Kb max_used=1291Kb free=117877Kb
 bounds [0x0000011fd07c0000, 0x0000011fd0a30000, 0x0000011fd7c20000]
CodeHeap 'profiled nmethods': size=119104Kb used=5599Kb max_used=5599Kb free=113504Kb
 bounds [0x0000011fc8c20000, 0x0000011fc91a0000, 0x0000011fd0070000]
CodeHeap 'non-nmethods': size=7488Kb used=2915Kb max_used=2977Kb free=4572Kb
 bounds [0x0000011fd0070000, 0x0000011fd0360000, 0x0000011fd07c0000]
 total_blobs=3176 nmethods=2637 adapters=448
 compilation: enabled
              stopped_count=0, restarted_count=0
 full_count=0

Compilation events (20 events):
Event: 2.650 Thread 0x0000011fe00dba50 2628       3       org.objectweb.asm.SymbolTable::addConstantMethodref (24 bytes)
Event: 2.650 Thread 0x0000011fe0196e30 nmethod 2627 0x0000011fc918e690 code [0x0000011fc918e820, 0x0000011fc918e938]
Event: 2.650 Thread 0x0000011fe00dba50 nmethod 2628 0x0000011fc918ea10 code [0x0000011fc918ebc0, 0x0000011fc918ed68]
Event: 2.650 Thread 0x0000011fe00dba50 2629       3       org.objectweb.asm.MethodVisitor::visitMethodInsn (80 bytes)
Event: 2.650 Thread 0x0000011f80271e50 2630       3       org.objectweb.asm.MethodWriter::visitMethodInsn (191 bytes)
Event: 2.650 Thread 0x0000011fe00dba50 nmethod 2629 0x0000011fc918ee10 code [0x0000011fc918efe0, 0x0000011fc918f4c8]
Event: 2.651 Thread 0x0000011fe0222a60 nmethod 2625 0x0000011fc918f610 code [0x0000011fc918fb20, 0x0000011fc91922d8]
Event: 2.651 Thread 0x0000011f80271e50 nmethod 2630 0x0000011fc9193010 code [0x0000011fc9193240, 0x0000011fc9193a48]
Event: 2.654 Thread 0x0000011fe0222a60 2631       3       org.objectweb.asm.Frame::pop (53 bytes)
Event: 2.654 Thread 0x0000011f80271e50 2632       3       org.objectweb.asm.Handler::getExceptionTableLength (21 bytes)
Event: 2.654 Thread 0x0000011fe00dba50 2633       3       org.objectweb.asm.ByteVector::putInt (74 bytes)
Event: 2.654 Thread 0x0000011fe0196e30 2634       3       org.objectweb.asm.Handler::getExceptionTableSize (10 bytes)
Event: 2.654 Thread 0x0000011f80271e50 nmethod 2632 0x0000011fc9193d90 code [0x0000011fc9193f20, 0x0000011fc91940b8]
Event: 2.654 Thread 0x0000011f80271e50 2635       1       org.objectweb.asm.MethodWriter::hasAsmInstructions (5 bytes)
Event: 2.654 Thread 0x0000011f80271e50 nmethod 2635 0x0000011fd0902290 code [0x0000011fd0902420, 0x0000011fd09024f8]
Event: 2.654 Thread 0x0000011fe00dba50 nmethod 2633 0x0000011fc9194190 code [0x0000011fc9194340, 0x0000011fc91945a8]
Event: 2.654 Thread 0x0000011fe0196e30 nmethod 2634 0x0000011fc9194710 code [0x0000011fc91948c0, 0x0000011fc9194ab8]
Event: 2.655 Thread 0x0000011fe0222a60 nmethod 2631 0x0000011fc9194c10 code [0x0000011fc9194e60, 0x0000011fc91955d8]
Event: 2.655 Thread 0x0000011fe0196e30 2636       3       org.gradle.internal.instantiation.generator.AbstractClassGenerator$PropertyMetadata::getType (34 bytes)
Event: 2.656 Thread 0x0000011fe0196e30 nmethod 2636 0x0000011fc9195910 code [0x0000011fc9195b00, 0x0000011fc9196138]

GC Heap History (4 events):
Event: 0.616 GC heap before
{Heap before GC invocations=0 (full 0):
 garbage-first heap   total 253952K, used 26624K [0x0000000080000000, 0x0000000100000000)
  region size 1024K, 23 young (23552K), 0 survivors (0K)
 Metaspace       used 2920K, committed 3072K, reserved 491520K
  class space    used 361K, committed 448K, reserved 425984K
}
Event: 0.619 GC heap after
{Heap after GC invocations=1 (full 0):
 garbage-first heap   total 253952K, used 11156K [0x0000000080000000, 0x0000000100000000)
  region size 1024K, 3 young (3072K), 3 survivors (3072K)
 Metaspace       used 2920K, committed 3072K, reserved 491520K
  class space    used 361K, committed 448K, reserved 425984K
}
Event: 1.024 GC heap before
{Heap before GC invocations=1 (full 0):
 garbage-first heap   total 253952K, used 38804K [0x0000000080000000, 0x0000000100000000)
  region size 1024K, 30 young (30720K), 3 survivors (3072K)
 Metaspace       used 4085K, committed 4288K, reserved 491520K
  class space    used 491K, committed 576K, reserved 425984K
}
Event: 1.026 GC heap after
{Heap after GC invocations=2 (full 0):
 garbage-first heap   total 253952K, used 11490K [0x0000000080000000, 0x0000000100000000)
  region size 1024K, 1 young (1024K), 1 survivors (1024K)
 Metaspace       used 4085K, committed 4288K, reserved 491520K
  class space    used 491K, committed 576K, reserved 425984K
}

Deoptimization events (20 events):
Event: 2.270 Thread 0x0000011f8112c940 DEOPT PACKING pc=0x0000011fc8d10efa sp=0x0000001a605fbd80
Event: 2.270 Thread 0x0000011f8112c940 DEOPT UNPACKING pc=0x0000011fd00c2b43 sp=0x0000001a605fb2d0 mode 0
Event: 2.419 Thread 0x0000011f8112c940 Uncommon trap: trap_request=0xffffff45 fr.pc=0x0000011fd08ab0f4 relative=0x0000000000000074
Event: 2.419 Thread 0x0000011f8112c940 Uncommon trap: reason=unstable_if action=reinterpret pc=0x0000011fd08ab0f4 method=jdk.internal.misc.Unsafe.convEndian(ZI)I @ 4 c2
Event: 2.419 Thread 0x0000011f8112c940 DEOPT PACKING pc=0x0000011fd08ab0f4 sp=0x0000001a605fad70
Event: 2.419 Thread 0x0000011f8112c940 DEOPT UNPACKING pc=0x0000011fd00c23a3 sp=0x0000001a605fac78 mode 2
Event: 2.419 Thread 0x0000011f8112c940 Uncommon trap: trap_request=0xffffff45 fr.pc=0x0000011fd08b2238 relative=0x0000000000000038
Event: 2.419 Thread 0x0000011f8112c940 Uncommon trap: reason=unstable_if action=reinterpret pc=0x0000011fd08b2238 method=jdk.internal.misc.Unsafe.convEndian(ZI)I @ 4 c2
Event: 2.419 Thread 0x0000011f8112c940 DEOPT PACKING pc=0x0000011fd08b2238 sp=0x0000001a605facd0
Event: 2.419 Thread 0x0000011f8112c940 DEOPT UNPACKING pc=0x0000011fd00c23a3 sp=0x0000001a605fac68 mode 2
Event: 2.537 Thread 0x0000011f8112c940 DEOPT PACKING pc=0x0000011fc905a9c9 sp=0x0000001a605fbe00
Event: 2.537 Thread 0x0000011f8112c940 DEOPT UNPACKING pc=0x0000011fd00c2b43 sp=0x0000001a605fb310 mode 0
Event: 2.559 Thread 0x0000011f8112c940 DEOPT PACKING pc=0x0000011fc905a9c9 sp=0x0000001a605f8030
Event: 2.559 Thread 0x0000011f8112c940 DEOPT UNPACKING pc=0x0000011fd00c2b43 sp=0x0000001a605f7540 mode 0
Event: 2.572 Thread 0x0000011f8112c940 DEOPT PACKING pc=0x0000011fc905a9c9 sp=0x0000001a605fa280
Event: 2.572 Thread 0x0000011f8112c940 DEOPT UNPACKING pc=0x0000011fd00c2b43 sp=0x0000001a605f9790 mode 0
Event: 2.632 Thread 0x0000011f8112c940 Uncommon trap: trap_request=0xffffff45 fr.pc=0x0000011fd08d8a80 relative=0x00000000000003c0
Event: 2.632 Thread 0x0000011f8112c940 Uncommon trap: reason=unstable_if action=reinterpret pc=0x0000011fd08d8a80 method=java.util.HashMap.getNode(Ljava/lang/Object;)Ljava/util/HashMap$Node; @ 131 c2
Event: 2.632 Thread 0x0000011f8112c940 DEOPT PACKING pc=0x0000011fd08d8a80 sp=0x0000001a605fb110
Event: 2.632 Thread 0x0000011f8112c940 DEOPT UNPACKING pc=0x0000011fd00c23a3 sp=0x0000001a605fb030 mode 2

Classes unloaded (0 events):
No events

Classes redefined (0 events):
No events

Internal exceptions (20 events):
Event: 2.005 Thread 0x0000011f8112c940 Exception <a 'java/lang/NoSuchMethodError'{0x000000008c60e490}: 'java.lang.Object java.lang.invoke.DirectMethodHandle$Holder.newInvokeSpecial(java.lang.Object, java.lang.Object, java.lang.Object, java.lang.Object, java.lang.Object, java.lang.Object)'> (0x000000008c60e490) 
thrown [s\open\src\hotspot\share\interpreter\linkResolver.cpp, line 759]
Event: 2.007 Thread 0x0000011f8112c940 Exception <a 'java/lang/NoSuchMethodError'{0x000000008c626018}: 'void java.lang.invoke.DirectMethodHandle$Holder.invokeSpecial(java.lang.Object, java.lang.Object, java.lang.Object, java.lang.Object, java.lang.Object)'> (0x000000008c626018) 
thrown [s\open\src\hotspot\share\interpreter\linkResolver.cpp, line 759]
Event: 2.008 Thread 0x0000011f8112c940 Exception <a 'java/lang/NoSuchMethodError'{0x000000008c639eb8}: 'void java.lang.invoke.DirectMethodHandle$Holder.invokeStaticInit(java.lang.Object, java.lang.Object)'> (0x000000008c639eb8) 
thrown [s\open\src\hotspot\share\interpreter\linkResolver.cpp, line 759]
Event: 2.060 Thread 0x0000011f8112c940 Exception <a 'java/lang/NoSuchMethodError'{0x000000008c3055e8}: 'void java.lang.invoke.DelegatingMethodHandle$Holder.reinvoke_L(java.lang.Object, java.lang.Object, java.lang.Object, java.lang.Object, java.lang.Object, java.lang.Object, java.lang.Object, java.lang.Object, java.lang.Object, java.lang.Object)'> (0x000000008c3055e8) 
thrown [s\open\src\hotspot\share\interpreter\linkResolver.cpp, line 759]
Event: 2.060 Thread 0x0000011f8112c940 Exception <a 'java/lang/NoSuchMethodError'{0x000000008c30da58}: 'java.lang.Object java.lang.invoke.DirectMethodHandle$Holder.invokeSpecial(java.lang.Object, java.lang.Object, java.lang.Object, java.lang.Object, java.lang.Object, java.lang.Object, java.lang.Object, java.lang.Object, java.lang.Object, java.lang.Object)'> (0x000000008c30da58) 
thrown [s\open\src\hotspot\share\interpreter\linkResolver.cpp, line 759]
Event: 2.061 Thread 0x0000011f8112c940 Exception <a 'java/lang/NoSuchMethodError'{0x000000008c312328}: 'java.lang.Object java.lang.invoke.Invokers$Holder.invoker(java.lang.Object, java.lang.Object, java.lang.Object, java.lang.Object, java.lang.Object, java.lang.Object, java.lang.Object, java.lang.Object, java.lang.Object, java.lang.Object)'> (0x000000008c312328) 
thrown [s\open\src\hotspot\share\interpreter\linkResolver.cpp, line 759]
Event: 2.061 Thread 0x0000011f8112c940 Exception <a 'java/lang/NoSuchMethodError'{0x000000008c317eb0}: 'java.lang.Object java.lang.invoke.DirectMethodHandle$Holder.invokeSpecial(java.lang.Object, java.lang.Object, java.lang.Object, java.lang.Object, java.lang.Object, java.lang.Object, java.lang.Object, java.lang.Object, java.lang.Object, java.lang.Object, java.lang.Object)'> (0x000000008c317eb0) 
thrown [s\open\src\hotspot\share\interpreter\linkResolver.cpp, line 759]
Event: 2.183 Thread 0x0000011f8112c940 Exception <a 'java/lang/NoSuchMethodError'{0x000000008beea9c0}: 'void java.lang.invoke.DirectMethodHandle$Holder.invokeStaticInit(java.lang.Object)'> (0x000000008beea9c0) 
thrown [s\open\src\hotspot\share\interpreter\linkResolver.cpp, line 759]
Event: 2.198 Thread 0x0000011f8112c940 Exception <a 'java/lang/NoSuchMethodError'{0x000000008bd9c198}: 'java.lang.Object java.lang.invoke.DirectMethodHandle$Holder.newInvokeSpecial(java.lang.Object, java.lang.Object, java.lang.Object, int)'> (0x000000008bd9c198) 
thrown [s\open\src\hotspot\share\interpreter\linkResolver.cpp, line 759]
Event: 2.198 Thread 0x0000011f8112c940 Exception <a 'java/lang/NoSuchMethodError'{0x000000008bda0ac8}: 'java.lang.Object java.lang.invoke.DirectMethodHandle$Holder.invokeSpecial(java.lang.Object, java.lang.Object, java.lang.Object, java.lang.Object, int)'> (0x000000008bda0ac8) 
thrown [s\open\src\hotspot\share\interpreter\linkResolver.cpp, line 759]
Event: 2.199 Thread 0x0000011f8112c940 Exception <a 'java/lang/NoSuchMethodError'{0x000000008bda4be0}: 'java.lang.Object java.lang.invoke.Invokers$Holder.linkToTargetMethod(java.lang.Object, java.lang.Object, int, java.lang.Object)'> (0x000000008bda4be0) 
thrown [s\open\src\hotspot\share\interpreter\linkResolver.cpp, line 759]
Event: 2.435 Thread 0x0000011f8112c940 Exception <a 'java/lang/NoSuchMethodError'{0x000000008af41ef8}: 'int java.lang.invoke.DirectMethodHandle$Holder.invokeSpecialIFC(java.lang.Object, java.lang.Object, java.lang.Object, java.lang.Object)'> (0x000000008af41ef8) 
thrown [s\open\src\hotspot\share\interpreter\linkResolver.cpp, line 759]
Event: 2.437 Thread 0x0000011f8112c940 Exception <a 'java/lang/NoSuchMethodError'{0x000000008af50ed0}: 'java.lang.Object java.lang.invoke.DirectMethodHandle$Holder.invokeInterface(java.lang.Object, java.lang.Object, java.lang.Object)'> (0x000000008af50ed0) 
thrown [s\open\src\hotspot\share\interpreter\linkResolver.cpp, line 759]
Event: 2.437 Thread 0x0000011f8112c940 Exception <a 'java/lang/IncompatibleClassChangeError'{0x000000008af54ae8}: Found class java.lang.Object, but interface was expected> (0x000000008af54ae8) 
thrown [s\open\src\hotspot\share\interpreter\linkResolver.cpp, line 826]
Event: 2.458 Thread 0x0000011f8112c940 Exception <a 'java/lang/NoSuchMethodError'{0x000000008ae503a8}: 'int java.lang.invoke.DirectMethodHandle$Holder.invokeStatic(java.lang.Object, java.lang.Object, java.lang.Object, java.lang.Object)'> (0x000000008ae503a8) 
thrown [s\open\src\hotspot\share\interpreter\linkResolver.cpp, line 759]
Event: 2.458 Thread 0x0000011f8112c940 Exception <a 'java/lang/NoSuchMethodError'{0x000000008ae53fd0}: 'java.lang.Object java.lang.invoke.Invokers$Holder.invokeExact_MT(java.lang.Object, java.lang.Object, java.lang.Object, java.lang.Object, java.lang.Object, java.lang.Object)'> (0x000000008ae53fd0) 
thrown [s\open\src\hotspot\share\interpreter\linkResolver.cpp, line 759]
Event: 2.522 Thread 0x0000011f8112c940 Exception <a 'java/lang/NoSuchMethodError'{0x000000008aa4a360}: 'java.lang.Object java.lang.invoke.DirectMethodHandle$Holder.invokeSpecial(java.lang.Object, java.lang.Object, java.lang.Object, java.lang.Object, java.lang.Object, java.lang.Object, java.lang.Object, java.lang.Object, java.lang.Object)'> (0x000000008aa4a360) 
thrown [s\open\src\hotspot\share\interpreter\linkResolver.cpp, line 759]
Event: 2.614 Thread 0x0000011f8112c940 Exception <a 'java/lang/NoSuchMethodError'{0x000000008a5d40f0}: 'java.lang.Object java.lang.invoke.DirectMethodHandle$Holder.invokeVirtual(java.lang.Object, java.lang.Object, java.lang.Object, java.lang.Object)'> (0x000000008a5d40f0) 
thrown [s\open\src\hotspot\share\interpreter\linkResolver.cpp, line 759]
Event: 2.643 Thread 0x0000011f8112c940 Exception <a 'java/lang/NoSuchMethodError'{0x000000008a32a0c0}: 'java.lang.Object java.lang.invoke.DirectMethodHandle$Holder.newInvokeSpecial(java.lang.Object, java.lang.Object, java.lang.Object, java.lang.Object, java.lang.Object, java.lang.Object, java.lang.Object)'> (0x000000008a32a0c0) 
thrown [s\open\src\hotspot\share\interpreter\linkResolver.cpp, line 759]
Event: 2.644 Thread 0x0000011f8112c940 Exception <a 'java/lang/NoSuchMethodError'{0x000000008a32ed90}: 'java.lang.Object java.lang.invoke.Invokers$Holder.linkToTargetMethod(java.lang.Object, java.lang.Object, java.lang.Object, java.lang.Object, java.lang.Object, java.lang.Object, java.lang.Object)'> (0x000000008a32ed90) 
thrown [s\open\src\hotspot\share\interpreter\linkResolver.cpp, line 759]

VM Operations (20 events):
Event: 1.491 Executing VM operation: HandshakeAllThreads
Event: 1.491 Executing VM operation: HandshakeAllThreads done
Event: 1.550 Executing VM operation: HandshakeAllThreads
Event: 1.550 Executing VM operation: HandshakeAllThreads done
Event: 1.675 Executing VM operation: HandshakeAllThreads
Event: 1.675 Executing VM operation: HandshakeAllThreads done
Event: 1.727 Executing VM operation: HandshakeAllThreads
Event: 1.727 Executing VM operation: HandshakeAllThreads done
Event: 1.845 Executing VM operation: ICBufferFull
Event: 1.845 Executing VM operation: ICBufferFull done
Event: 2.264 Executing VM operation: HandshakeAllThreads
Event: 2.264 Executing VM operation: HandshakeAllThreads done
Event: 2.264 Executing VM operation: HandshakeAllThreads
Event: 2.264 Executing VM operation: HandshakeAllThreads done
Event: 2.292 Executing VM operation: HandshakeAllThreads
Event: 2.292 Executing VM operation: HandshakeAllThreads done
Event: 2.292 Executing VM operation: HandshakeAllThreads
Event: 2.293 Executing VM operation: HandshakeAllThreads done
Event: 2.642 Executing VM operation: ICBufferFull
Event: 2.643 Executing VM operation: ICBufferFull done

Events (20 events):
Event: 2.446 loading class java/io/ObjectInputStream
Event: 2.446 loading class java/io/ObjectInput
Event: 2.446 loading class java/io/ObjectInput done
Event: 2.446 loading class java/io/ObjectStreamConstants
Event: 2.446 loading class java/io/ObjectStreamConstants done
Event: 2.446 loading class java/io/ObjectInputStream done
Event: 2.447 loading class java/io/ObjectOutputStream
Event: 2.447 loading class java/io/ObjectOutput
Event: 2.447 loading class java/io/ObjectOutput done
Event: 2.447 loading class java/io/ObjectOutputStream done
Event: 2.582 loading class javax/xml/parsers/ParserConfigurationException
Event: 2.582 loading class javax/xml/parsers/ParserConfigurationException done
Event: 2.582 loading class org/xml/sax/SAXException
Event: 2.582 loading class org/xml/sax/SAXException done
Event: 2.582 loading class javax/xml/xpath/XPathExpressionException
Event: 2.582 loading class javax/xml/xpath/XPathException
Event: 2.582 loading class javax/xml/xpath/XPathException done
Event: 2.582 loading class javax/xml/xpath/XPathExpressionException done
Event: 2.582 loading class org/xml/sax/ErrorHandler
Event: 2.582 loading class org/xml/sax/ErrorHandler done


Dynamic libraries:
0x00007ff796790000 - 0x00007ff7967a0000 	C:\Program Files\Java\jdk-17\bin\java.exe
0x00007ff97f790000 - 0x00007ff97f9a6000 	C:\WINDOWS\SYSTEM32\ntdll.dll
0x00007ff97ec70000 - 0x00007ff97ed34000 	C:\WINDOWS\System32\KERNEL32.DLL
0x00007ff97cae0000 - 0x00007ff97ce87000 	C:\WINDOWS\System32\KERNELBASE.dll
0x00007ff97d0b0000 - 0x00007ff97d1c1000 	C:\WINDOWS\System32\ucrtbase.dll
0x00007ff920e40000 - 0x00007ff920e5b000 	C:\Program Files\Java\jdk-17\bin\VCRUNTIME140.dll
0x00007ff920e20000 - 0x00007ff920e39000 	C:\Program Files\Java\jdk-17\bin\jli.dll
0x00007ff97f4e0000 - 0x00007ff97f592000 	C:\WINDOWS\System32\ADVAPI32.dll
0x00007ff97ebb0000 - 0x00007ff97ec57000 	C:\WINDOWS\System32\msvcrt.dll
0x00007ff97e4e0000 - 0x00007ff97e588000 	C:\WINDOWS\System32\sechost.dll
0x00007ff97cab0000 - 0x00007ff97cad8000 	C:\WINDOWS\System32\bcrypt.dll
0x00007ff97e1c0000 - 0x00007ff97e2d5000 	C:\WINDOWS\System32\RPCRT4.dll
0x00007ff97d7b0000 - 0x00007ff97d95e000 	C:\WINDOWS\System32\USER32.dll
0x00007ff97d000000 - 0x00007ff97d026000 	C:\WINDOWS\System32\win32u.dll
0x00007ff96c960000 - 0x00007ff96cbf3000 	C:\WINDOWS\WinSxS\amd64_microsoft.windows.common-controls_6595b64144ccf1df_6.0.22621.3235_none_270f74e173860f98\COMCTL32.dll
0x00007ff97d5a0000 - 0x00007ff97d5c9000 	C:\WINDOWS\System32\GDI32.dll
0x00007ff97d3a0000 - 0x00007ff97d4b9000 	C:\WINDOWS\System32\gdi32full.dll
0x00007ff97d240000 - 0x00007ff97d2da000 	C:\WINDOWS\System32\msvcp_win.dll
0x00007ff974ef0000 - 0x00007ff974efa000 	C:\WINDOWS\SYSTEM32\VERSION.dll
0x00007ff97eb70000 - 0x00007ff97eba1000 	C:\WINDOWS\System32\IMM32.DLL
0x00007ff920e10000 - 0x00007ff920e1c000 	C:\Program Files\Java\jdk-17\bin\vcruntime140_1.dll
0x00007ff91f970000 - 0x00007ff91f9fe000 	C:\Program Files\Java\jdk-17\bin\msvcp140.dll
0x00007ff91ba50000 - 0x00007ff91c631000 	C:\Program Files\Java\jdk-17\bin\server\jvm.dll
0x00007ff97e450000 - 0x00007ff97e458000 	C:\WINDOWS\System32\PSAPI.DLL
0x00007ff920e00000 - 0x00007ff920e09000 	C:\WINDOWS\SYSTEM32\WSOCK32.dll
0x00007ff9752f0000 - 0x00007ff975324000 	C:\WINDOWS\SYSTEM32\WINMM.dll
0x00007ff97e460000 - 0x00007ff97e4d1000 	C:\WINDOWS\System32\WS2_32.dll
0x00007ff97ba60000 - 0x00007ff97ba78000 	C:\WINDOWS\SYSTEM32\kernel.appcore.dll
0x00007ff920df0000 - 0x00007ff920dfa000 	C:\Program Files\Java\jdk-17\bin\jimage.dll
0x00007ff972a80000 - 0x00007ff972cb3000 	C:\WINDOWS\SYSTEM32\DBGHELP.DLL
0x00007ff97e650000 - 0x00007ff97e9d8000 	C:\WINDOWS\System32\combase.dll
0x00007ff97e9e0000 - 0x00007ff97eab7000 	C:\WINDOWS\System32\OLEAUT32.dll
0x00007ff96c170000 - 0x00007ff96c1a2000 	C:\WINDOWS\SYSTEM32\dbgcore.DLL
0x00007ff97d030000 - 0x00007ff97d0a9000 	C:\WINDOWS\System32\bcryptPrimitives.dll
0x00007ff9783b0000 - 0x00007ff9783be000 	C:\Program Files\Java\jdk-17\bin\instrument.dll
0x00007ff920dc0000 - 0x00007ff920de5000 	C:\Program Files\Java\jdk-17\bin\java.dll
0x00007ff91f890000 - 0x00007ff91f967000 	C:\Program Files\Java\jdk-17\bin\jsvml.dll
0x00007ff97d960000 - 0x00007ff97e1bc000 	C:\WINDOWS\System32\SHELL32.dll
0x00007ff97a9e0000 - 0x00007ff97b2d9000 	C:\WINDOWS\SYSTEM32\windows.storage.dll
0x00007ff97a8a0000 - 0x00007ff97a9de000 	C:\WINDOWS\SYSTEM32\wintypes.dll
0x00007ff97f220000 - 0x00007ff97f313000 	C:\WINDOWS\System32\SHCORE.dll
0x00007ff97ed40000 - 0x00007ff97ed9e000 	C:\WINDOWS\System32\shlwapi.dll
0x00007ff97c9e0000 - 0x00007ff97ca01000 	C:\WINDOWS\SYSTEM32\profapi.dll
0x00007ff91f870000 - 0x00007ff91f888000 	C:\Program Files\Java\jdk-17\bin\zip.dll
0x00007ff920a90000 - 0x00007ff920aa9000 	C:\Program Files\Java\jdk-17\bin\net.dll
0x00007ff976750000 - 0x00007ff976886000 	C:\WINDOWS\SYSTEM32\WINHTTP.dll
0x00007ff97bf30000 - 0x00007ff97bf99000 	C:\WINDOWS\system32\mswsock.dll
0x00007ff9207e0000 - 0x00007ff9207f6000 	C:\Program Files\Java\jdk-17\bin\nio.dll
0x00007ff8f78a0000 - 0x00007ff8f78b0000 	C:\Program Files\Java\jdk-17\bin\verify.dll
0x00007ff8fba50000 - 0x00007ff8fba77000 	C:\Users\KESHAV KANT\.gradle\native\68d5fa5c4cc2d200863cafc0d521ce42e7d3e7ee720ec0a83991735586a16f82\windows-amd64\native-platform.dll
0x00007ff93ebb0000 - 0x00007ff93ecf4000 	C:\Users\KESHAV KANT\.gradle\native\e376f236ea51e6404a007f0833ffe2c6e607c4080706a723a18a27aeea778392\windows-amd64\native-platform-file-events.dll
0x00007ff920db0000 - 0x00007ff920dba000 	C:\Program Files\Java\jdk-17\bin\management.dll
0x00007ff920d00000 - 0x00007ff920d0b000 	C:\Program Files\Java\jdk-17\bin\management_ext.dll
0x00007ff97c1a0000 - 0x00007ff97c1bb000 	C:\WINDOWS\SYSTEM32\CRYPTSP.dll
0x00007ff97ba20000 - 0x00007ff97ba55000 	C:\WINDOWS\system32\rsaenh.dll
0x00007ff97c040000 - 0x00007ff97c068000 	C:\WINDOWS\SYSTEM32\USERENV.dll
0x00007ff97c1c0000 - 0x00007ff97c1cc000 	C:\WINDOWS\SYSTEM32\CRYPTBASE.dll
0x00007ff97b540000 - 0x00007ff97b56d000 	C:\WINDOWS\SYSTEM32\IPHLPAPI.DLL
0x00007ff97e640000 - 0x00007ff97e649000 	C:\WINDOWS\System32\NSI.dll
0x00007ff9762b0000 - 0x00007ff9762c9000 	C:\WINDOWS\SYSTEM32\dhcpcsvc6.DLL
0x00007ff976290000 - 0x00007ff9762af000 	C:\WINDOWS\SYSTEM32\dhcpcsvc.DLL
0x00007ff97b5b0000 - 0x00007ff97b6a9000 	C:\WINDOWS\SYSTEM32\DNSAPI.dll
0x00007ff920a80000 - 0x00007ff920a8e000 	C:\Program Files\Java\jdk-17\bin\sunmscapi.dll
0x00007ff97ce90000 - 0x00007ff97cff6000 	C:\WINDOWS\System32\CRYPT32.dll
0x00007ff97c360000 - 0x00007ff97c38e000 	C:\WINDOWS\SYSTEM32\ncrypt.dll
0x00007ff97c320000 - 0x00007ff97c357000 	C:\WINDOWS\SYSTEM32\NTASN1.dll
0x00007ff956830000 - 0x00007ff956838000 	C:\WINDOWS\system32\wshunix.dll

dbghelp: loaded successfully - version: 4.0.5 - missing functions: none
symbol engine: initialized successfully - sym options: 0x614 - pdb path: .;C:\Program Files\Java\jdk-17\bin;C:\WINDOWS\SYSTEM32;C:\WINDOWS\WinSxS\amd64_microsoft.windows.common-controls_6595b64144ccf1df_6.0.22621.3235_none_270f74e173860f98;C:\Program Files\Java\jdk-17\bin\server;C:\Users\KESHAV KANT\.gradle\native\68d5fa5c4cc2d200863cafc0d521ce42e7d3e7ee720ec0a83991735586a16f82\windows-amd64;C:\Users\KESHAV KANT\.gradle\native\e376f236ea51e6404a007f0833ffe2c6e607c4080706a723a18a27aeea778392\windows-amd64

VM Arguments:
jvm_args: -XX:MaxMetaspaceSize=512m --add-opens=java.base/java.util=ALL-UNNAMED --add-opens=java.base/java.lang=ALL-UNNAMED --add-opens=java.base/java.lang.invoke=ALL-UNNAMED --add-opens=java.prefs/java.util.prefs=ALL-UNNAMED --add-opens=java.base/java.nio.charset=ALL-UNNAMED --add-opens=java.base/java.net=ALL-UNNAMED --add-opens=java.base/java.util.concurrent.atomic=ALL-UNNAMED -Xmx2048m -Dfile.encoding=windows-1252 -Duser.country=US -Duser.language=en -Duser.variant -javaagent:C:\Users\KESHAV KANT\.gradle\wrapper\dists\gradle-8.3-all\6en3ugtfdg5xnpx44z4qbwgas\gradle-8.3\lib\agents\gradle-instrumentation-agent-8.3.jar 
java_command: org.gradle.launcher.daemon.bootstrap.GradleDaemon 8.3
java_class_path (initial): C:\Users\KESHAV KANT\.gradle\wrapper\dists\gradle-8.3-all\6en3ugtfdg5xnpx44z4qbwgas\gradle-8.3\lib\gradle-launcher-8.3.jar
Launcher Type: SUN_STANDARD

[Global flags]
     intx CICompilerCount                          = 12                                        {product} {ergonomic}
   size_t CompressedClassSpaceSize                 = 436207616                                 {product} {ergonomic}
     uint ConcGCThreads                            = 3                                         {product} {ergonomic}
     uint G1ConcRefinementThreads                  = 13                                        {product} {ergonomic}
   size_t G1HeapRegionSize                         = 1048576                                   {product} {ergonomic}
    uintx GCDrainStackTargetSize                   = 64                                        {product} {ergonomic}
   size_t InitialHeapSize                          = 260046848                                 {product} {ergonomic}
   size_t MarkStackSize                            = 4194304                                   {product} {ergonomic}
   size_t MaxHeapSize                              = 2147483648                                {product} {command line}
   size_t MaxMetaspaceSize                         = 536870912                                 {product} {command line}
   size_t MaxNewSize                               = 1287651328                                {product} {ergonomic}
   size_t MinHeapDeltaBytes                        = 1048576                                   {product} {ergonomic}
   size_t MinHeapSize                              = 8388608                                   {product} {ergonomic}
    uintx NonNMethodCodeHeapSize                   = 7602480                                {pd product} {ergonomic}
    uintx NonProfiledCodeHeapSize                  = 122027880                              {pd product} {ergonomic}
    uintx ProfiledCodeHeapSize                     = 122027880                              {pd product} {ergonomic}
    uintx ReservedCodeCacheSize                    = 251658240                              {pd product} {ergonomic}
     bool SegmentedCodeCache                       = true                                      {product} {ergonomic}
   size_t SoftMaxHeapSize                          = 2147483648                             {manageable} {ergonomic}
     bool UseCompressedClassPointers               = true                           {product lp64_product} {ergonomic}
     bool UseCompressedOops                        = true                           {product lp64_product} {ergonomic}
     bool UseG1GC                                  = true                                      {product} {ergonomic}
     bool UseLargePagesIndividualAllocation        = false                                  {pd product} {ergonomic}

Logging:
Log output configuration:
 #0: stdout all=warning uptime,level,tags
 #1: stderr all=off uptime,level,tags

Environment Variables:
JAVA_HOME=C:\Program Files\Java\jdk-17
CLASSPATH=D:\NewProjects\AwesomeProject\android\\gradle\wrapper\gradle-wrapper.jar
PATH=D:\NewProjects\AwesomeProject\node_modules\.bin;D:\NewProjects\AwesomeProject\node_modules\.bin;D:\NewProjects\node_modules\.bin;D:\node_modules\.bin;C:\Users\KESHAV KANT\AppData\Roaming\npm\node_modules\npm\node_modules\@npmcli\run-script\lib\node-gyp-bin;C:\Users\KESHAV~1\AppData\Local\Temp\yarn--1711875662708-0.7349017787829393;D:\NewProjects\AwesomeProject\node_modules\.bin;C:\Users\KESHAV KANT\AppData\Local\Yarn\Data\link\node_modules\.bin;C:\Users\KESHAV KANT\AppData\Local\Yarn\bin;C:\Program Files\libexec\lib\node_modules\npm\bin\node-gyp-bin;C:\Program Files\lib\node_modules\npm\bin\node-gyp-bin;C:\Program Files\nodejs\node_modules\npm\bin\node-gyp-bin;C:\Program Files\Common Files\Oracle\Java\javapath;C:\Program Files (x86)\Common Files\Oracle\Java\javapath;C:\Windows\system32;C:\Windows;C:\Windows\System32\Wbem;C:\Windows\System32\WindowsPowerShell\v1.0\;C:\Windows\System32\OpenSSH\;C:\Program Files (x86)\NVIDIA Corporation\PhysX\Common;C:\Program Files\NVIDIA Corporation\NVIDIA NvDLISR;C:\cygwin64\bin;C:\WINDOWS\system32;C:\WINDOWS;C:\WINDOWS\System32\Wbem;C:\WINDOWS\System32\WindowsPowerShell\v1.0\;C:\WINDOWS\System32\OpenSSH\;C:\Program Files\Microsoft SQL Server\Client SDK\ODBC\170\Tools\Binn\;C:\Program Files (x86)\Microsoft SQL Server\150\Tools\Binn\;C:\Program Files\Microsoft SQL Server\150\Tools\Binn\;C:\Program Files\Microsoft SQL Server\150\DTS\Binn\;C:\Program Files\dotnet\;C:\Program Files\nodejs;C:\ProgramData\chocolatey\bin;C:\Program Files\nodejs\;C:\Users\KESHAV KANT\AppData\Local\Android\Sdk\platform-tools;C:\Program Files\Java\jdk-17;C:\Program Files\Git\cmd;C:\Program Files\Cloudflare\Cloudflare WARP\;C:\Users\KESHAV KANT\AppData\Local\Programs\Python\Python36\Scripts\;C:\Users\KESHAV KANT\AppData\Local\Programs\Python\Python36\;C:\Users\KESHAV KANT\AppData\Local\Android\Sdk\tools;C:\Users\KESHAV KANT\AppData\Local\Microsoft\WindowsApps;D:\flutter\bin;C:\Program Files\Azure Data Studio\bin;C:\Users\KESHAV KANT\AppData\Local\Microsoft\W
USERNAME=KESHAV KANT
LANG=en_US.UTF-8
OS=Windows_NT
PROCESSOR_IDENTIFIER=AMD64 Family 23 Model 96 Stepping 1, AuthenticAMD



---------------  S Y S T E M  ---------------

OS:
 Windows 11 , 64 bit Build 22621 (10.0.22621.3374)
OS uptime: 0 days 8:17 hours
Hyper-V role detected

CPU: total 16 (initial active 16) (16 cores per cpu, 2 threads per core) family 23 model 96 stepping 1 microcode 0x0, cx8, cmov, fxsr, ht, mmx, 3dnowpref, sse, sse2, sse3, ssse3, sse4a, sse4.1, sse4.2, popcnt, lzcnt, tsc, tscinvbit, avx, avx2, aes, clmul, bmi1, bmi2, adx, sha, fma, vzeroupper, clflush, clflushopt, hv

Memory: 4k page, system-wide physical 15791M (2810M free)
TotalPageFile size 23983M (AvailPageFile size 4M)
current process WorkingSet (physical memory assigned to process): 222M, peak: 222M
current process commit charge ("private bytes"): 439M, peak: 440M

vm_info: Java HotSpot(TM) 64-Bit Server VM (17.0.9+11-LTS-201) for windows-amd64 JRE (17.0.9+11-LTS-201), built on Oct 10 2023 23:16:06 by "mach5one" with MS VC++ 17.1 (VS2022)

END.
